<?xml version="1.0" encoding="UTF-8"?>
<testsuite name="org.mozilla.javascript.tests.Bug789277Test" tests="792" skipped="0" failures="0" errors="0" timestamp="2019-01-10T05:01:59" hostname="swami-VirtualBox" time="2.846">
  <properties/>
  <testcase name="parserWithIdeErrorReporter_Reader[0]" classname="org.mozilla.javascript.tests.Bug789277Test" time="0.578"/>
  <testcase name="parserWithIdeErrorReporter_String[0]" classname="org.mozilla.javascript.tests.Bug789277Test" time="0.0"/>
  <testcase name="parserWithIdeErrorReporter_String_IdeMode[0]" classname="org.mozilla.javascript.tests.Bug789277Test" time="0.0"/>
  <testcase name="parserWithErrorReporter_Reader[0]" classname="org.mozilla.javascript.tests.Bug789277Test" time="0.0"/>
  <testcase name="parserWithErrorReporter_String[0]" classname="org.mozilla.javascript.tests.Bug789277Test" time="0.001"/>
  <testcase name="parserWithIdeErrorReporter_Reader_IdeMode[0]" classname="org.mozilla.javascript.tests.Bug789277Test" time="0.0"/>
  <testcase name="parserWithIdeErrorReporter_Reader[1]" classname="org.mozilla.javascript.tests.Bug789277Test" time="0.001"/>
  <testcase name="parserWithIdeErrorReporter_String[1]" classname="org.mozilla.javascript.tests.Bug789277Test" time="0.003"/>
  <testcase name="parserWithIdeErrorReporter_String_IdeMode[1]" classname="org.mozilla.javascript.tests.Bug789277Test" time="0.001"/>
  <testcase name="parserWithErrorReporter_Reader[1]" classname="org.mozilla.javascript.tests.Bug789277Test" time="0.002"/>
  <testcase name="parserWithErrorReporter_String[1]" classname="org.mozilla.javascript.tests.Bug789277Test" time="0.001"/>
  <testcase name="parserWithIdeErrorReporter_Reader_IdeMode[1]" classname="org.mozilla.javascript.tests.Bug789277Test" time="0.001"/>
  <testcase name="parserWithIdeErrorReporter_Reader[2]" classname="org.mozilla.javascript.tests.Bug789277Test" time="0.02"/>
  <testcase name="parserWithIdeErrorReporter_String[2]" classname="org.mozilla.javascript.tests.Bug789277Test" time="0.001"/>
  <testcase name="parserWithIdeErrorReporter_String_IdeMode[2]" classname="org.mozilla.javascript.tests.Bug789277Test" time="0.001"/>
  <testcase name="parserWithErrorReporter_Reader[2]" classname="org.mozilla.javascript.tests.Bug789277Test" time="0.001"/>
  <testcase name="parserWithErrorReporter_String[2]" classname="org.mozilla.javascript.tests.Bug789277Test" time="0.0"/>
  <testcase name="parserWithIdeErrorReporter_Reader_IdeMode[2]" classname="org.mozilla.javascript.tests.Bug789277Test" time="0.001"/>
  <testcase name="parserWithIdeErrorReporter_Reader[3]" classname="org.mozilla.javascript.tests.Bug789277Test" time="0.001"/>
  <testcase name="parserWithIdeErrorReporter_String[3]" classname="org.mozilla.javascript.tests.Bug789277Test" time="0.0"/>
  <testcase name="parserWithIdeErrorReporter_String_IdeMode[3]" classname="org.mozilla.javascript.tests.Bug789277Test" time="0.001"/>
  <testcase name="parserWithErrorReporter_Reader[3]" classname="org.mozilla.javascript.tests.Bug789277Test" time="0.001"/>
  <testcase name="parserWithErrorReporter_String[3]" classname="org.mozilla.javascript.tests.Bug789277Test" time="0.0"/>
  <testcase name="parserWithIdeErrorReporter_Reader_IdeMode[3]" classname="org.mozilla.javascript.tests.Bug789277Test" time="0.005"/>
  <testcase name="parserWithIdeErrorReporter_Reader[4]" classname="org.mozilla.javascript.tests.Bug789277Test" time="0.001"/>
  <testcase name="parserWithIdeErrorReporter_String[4]" classname="org.mozilla.javascript.tests.Bug789277Test" time="0.0"/>
  <testcase name="parserWithIdeErrorReporter_String_IdeMode[4]" classname="org.mozilla.javascript.tests.Bug789277Test" time="0.001"/>
  <testcase name="parserWithErrorReporter_Reader[4]" classname="org.mozilla.javascript.tests.Bug789277Test" time="0.0"/>
  <testcase name="parserWithErrorReporter_String[4]" classname="org.mozilla.javascript.tests.Bug789277Test" time="0.0"/>
  <testcase name="parserWithIdeErrorReporter_Reader_IdeMode[4]" classname="org.mozilla.javascript.tests.Bug789277Test" time="0.017"/>
  <testcase name="parserWithIdeErrorReporter_Reader[5]" classname="org.mozilla.javascript.tests.Bug789277Test" time="0.012"/>
  <testcase name="parserWithIdeErrorReporter_String[5]" classname="org.mozilla.javascript.tests.Bug789277Test" time="0.0"/>
  <testcase name="parserWithIdeErrorReporter_String_IdeMode[5]" classname="org.mozilla.javascript.tests.Bug789277Test" time="0.0"/>
  <testcase name="parserWithErrorReporter_Reader[5]" classname="org.mozilla.javascript.tests.Bug789277Test" time="0.0"/>
  <testcase name="parserWithErrorReporter_String[5]" classname="org.mozilla.javascript.tests.Bug789277Test" time="0.0"/>
  <testcase name="parserWithIdeErrorReporter_Reader_IdeMode[5]" classname="org.mozilla.javascript.tests.Bug789277Test" time="0.0"/>
  <testcase name="parserWithIdeErrorReporter_Reader[6]" classname="org.mozilla.javascript.tests.Bug789277Test" time="0.0"/>
  <testcase name="parserWithIdeErrorReporter_String[6]" classname="org.mozilla.javascript.tests.Bug789277Test" time="0.0"/>
  <testcase name="parserWithIdeErrorReporter_String_IdeMode[6]" classname="org.mozilla.javascript.tests.Bug789277Test" time="0.003"/>
  <testcase name="parserWithErrorReporter_Reader[6]" classname="org.mozilla.javascript.tests.Bug789277Test" time="0.001"/>
  <testcase name="parserWithErrorReporter_String[6]" classname="org.mozilla.javascript.tests.Bug789277Test" time="0.001"/>
  <testcase name="parserWithIdeErrorReporter_Reader_IdeMode[6]" classname="org.mozilla.javascript.tests.Bug789277Test" time="0.0"/>
  <testcase name="parserWithIdeErrorReporter_Reader[7]" classname="org.mozilla.javascript.tests.Bug789277Test" time="0.001"/>
  <testcase name="parserWithIdeErrorReporter_String[7]" classname="org.mozilla.javascript.tests.Bug789277Test" time="0.0"/>
  <testcase name="parserWithIdeErrorReporter_String_IdeMode[7]" classname="org.mozilla.javascript.tests.Bug789277Test" time="0.001"/>
  <testcase name="parserWithErrorReporter_Reader[7]" classname="org.mozilla.javascript.tests.Bug789277Test" time="0.001"/>
  <testcase name="parserWithErrorReporter_String[7]" classname="org.mozilla.javascript.tests.Bug789277Test" time="0.0"/>
  <testcase name="parserWithIdeErrorReporter_Reader_IdeMode[7]" classname="org.mozilla.javascript.tests.Bug789277Test" time="0.0"/>
  <testcase name="parserWithIdeErrorReporter_Reader[8]" classname="org.mozilla.javascript.tests.Bug789277Test" time="0.0"/>
  <testcase name="parserWithIdeErrorReporter_String[8]" classname="org.mozilla.javascript.tests.Bug789277Test" time="0.0"/>
  <testcase name="parserWithIdeErrorReporter_String_IdeMode[8]" classname="org.mozilla.javascript.tests.Bug789277Test" time="0.0"/>
  <testcase name="parserWithErrorReporter_Reader[8]" classname="org.mozilla.javascript.tests.Bug789277Test" time="0.0"/>
  <testcase name="parserWithErrorReporter_String[8]" classname="org.mozilla.javascript.tests.Bug789277Test" time="0.001"/>
  <testcase name="parserWithIdeErrorReporter_Reader_IdeMode[8]" classname="org.mozilla.javascript.tests.Bug789277Test" time="0.0"/>
  <testcase name="parserWithIdeErrorReporter_Reader[9]" classname="org.mozilla.javascript.tests.Bug789277Test" time="0.001"/>
  <testcase name="parserWithIdeErrorReporter_String[9]" classname="org.mozilla.javascript.tests.Bug789277Test" time="0.0"/>
  <testcase name="parserWithIdeErrorReporter_String_IdeMode[9]" classname="org.mozilla.javascript.tests.Bug789277Test" time="0.0"/>
  <testcase name="parserWithErrorReporter_Reader[9]" classname="org.mozilla.javascript.tests.Bug789277Test" time="0.0"/>
  <testcase name="parserWithErrorReporter_String[9]" classname="org.mozilla.javascript.tests.Bug789277Test" time="0.0"/>
  <testcase name="parserWithIdeErrorReporter_Reader_IdeMode[9]" classname="org.mozilla.javascript.tests.Bug789277Test" time="0.002"/>
  <testcase name="parserWithIdeErrorReporter_Reader[10]" classname="org.mozilla.javascript.tests.Bug789277Test" time="0.0"/>
  <testcase name="parserWithIdeErrorReporter_String[10]" classname="org.mozilla.javascript.tests.Bug789277Test" time="0.0"/>
  <testcase name="parserWithIdeErrorReporter_String_IdeMode[10]" classname="org.mozilla.javascript.tests.Bug789277Test" time="0.0"/>
  <testcase name="parserWithErrorReporter_Reader[10]" classname="org.mozilla.javascript.tests.Bug789277Test" time="0.001"/>
  <testcase name="parserWithErrorReporter_String[10]" classname="org.mozilla.javascript.tests.Bug789277Test" time="0.0"/>
  <testcase name="parserWithIdeErrorReporter_Reader_IdeMode[10]" classname="org.mozilla.javascript.tests.Bug789277Test" time="0.001"/>
  <testcase name="parserWithIdeErrorReporter_Reader[11]" classname="org.mozilla.javascript.tests.Bug789277Test" time="0.0"/>
  <testcase name="parserWithIdeErrorReporter_String[11]" classname="org.mozilla.javascript.tests.Bug789277Test" time="0.001"/>
  <testcase name="parserWithIdeErrorReporter_String_IdeMode[11]" classname="org.mozilla.javascript.tests.Bug789277Test" time="0.006"/>
  <testcase name="parserWithErrorReporter_Reader[11]" classname="org.mozilla.javascript.tests.Bug789277Test" time="0.001"/>
  <testcase name="parserWithErrorReporter_String[11]" classname="org.mozilla.javascript.tests.Bug789277Test" time="0.001"/>
  <testcase name="parserWithIdeErrorReporter_Reader_IdeMode[11]" classname="org.mozilla.javascript.tests.Bug789277Test" time="0.0"/>
  <testcase name="parserWithIdeErrorReporter_Reader[12]" classname="org.mozilla.javascript.tests.Bug789277Test" time="0.001"/>
  <testcase name="parserWithIdeErrorReporter_String[12]" classname="org.mozilla.javascript.tests.Bug789277Test" time="0.0"/>
  <testcase name="parserWithIdeErrorReporter_String_IdeMode[12]" classname="org.mozilla.javascript.tests.Bug789277Test" time="0.001"/>
  <testcase name="parserWithErrorReporter_Reader[12]" classname="org.mozilla.javascript.tests.Bug789277Test" time="0.0"/>
  <testcase name="parserWithErrorReporter_String[12]" classname="org.mozilla.javascript.tests.Bug789277Test" time="0.003"/>
  <testcase name="parserWithIdeErrorReporter_Reader_IdeMode[12]" classname="org.mozilla.javascript.tests.Bug789277Test" time="0.0"/>
  <testcase name="parserWithIdeErrorReporter_Reader[13]" classname="org.mozilla.javascript.tests.Bug789277Test" time="0.001"/>
  <testcase name="parserWithIdeErrorReporter_String[13]" classname="org.mozilla.javascript.tests.Bug789277Test" time="0.0"/>
  <testcase name="parserWithIdeErrorReporter_String_IdeMode[13]" classname="org.mozilla.javascript.tests.Bug789277Test" time="0.001"/>
  <testcase name="parserWithErrorReporter_Reader[13]" classname="org.mozilla.javascript.tests.Bug789277Test" time="0.0"/>
  <testcase name="parserWithErrorReporter_String[13]" classname="org.mozilla.javascript.tests.Bug789277Test" time="0.0"/>
  <testcase name="parserWithIdeErrorReporter_Reader_IdeMode[13]" classname="org.mozilla.javascript.tests.Bug789277Test" time="0.0"/>
  <testcase name="parserWithIdeErrorReporter_Reader[14]" classname="org.mozilla.javascript.tests.Bug789277Test" time="0.002"/>
  <testcase name="parserWithIdeErrorReporter_String[14]" classname="org.mozilla.javascript.tests.Bug789277Test" time="0.001"/>
  <testcase name="parserWithIdeErrorReporter_String_IdeMode[14]" classname="org.mozilla.javascript.tests.Bug789277Test" time="0.001"/>
  <testcase name="parserWithErrorReporter_Reader[14]" classname="org.mozilla.javascript.tests.Bug789277Test" time="0.0"/>
  <testcase name="parserWithErrorReporter_String[14]" classname="org.mozilla.javascript.tests.Bug789277Test" time="0.0"/>
  <testcase name="parserWithIdeErrorReporter_Reader_IdeMode[14]" classname="org.mozilla.javascript.tests.Bug789277Test" time="0.0"/>
  <testcase name="parserWithIdeErrorReporter_Reader[15]" classname="org.mozilla.javascript.tests.Bug789277Test" time="0.001"/>
  <testcase name="parserWithIdeErrorReporter_String[15]" classname="org.mozilla.javascript.tests.Bug789277Test" time="0.001"/>
  <testcase name="parserWithIdeErrorReporter_String_IdeMode[15]" classname="org.mozilla.javascript.tests.Bug789277Test" time="0.002"/>
  <testcase name="parserWithErrorReporter_Reader[15]" classname="org.mozilla.javascript.tests.Bug789277Test" time="0.001"/>
  <testcase name="parserWithErrorReporter_String[15]" classname="org.mozilla.javascript.tests.Bug789277Test" time="0.001"/>
  <testcase name="parserWithIdeErrorReporter_Reader_IdeMode[15]" classname="org.mozilla.javascript.tests.Bug789277Test" time="0.001"/>
  <testcase name="parserWithIdeErrorReporter_Reader[16]" classname="org.mozilla.javascript.tests.Bug789277Test" time="0.001"/>
  <testcase name="parserWithIdeErrorReporter_String[16]" classname="org.mozilla.javascript.tests.Bug789277Test" time="0.004"/>
  <testcase name="parserWithIdeErrorReporter_String_IdeMode[16]" classname="org.mozilla.javascript.tests.Bug789277Test" time="0.007"/>
  <testcase name="parserWithErrorReporter_Reader[16]" classname="org.mozilla.javascript.tests.Bug789277Test" time="0.006"/>
  <testcase name="parserWithErrorReporter_String[16]" classname="org.mozilla.javascript.tests.Bug789277Test" time="0.001"/>
  <testcase name="parserWithIdeErrorReporter_Reader_IdeMode[16]" classname="org.mozilla.javascript.tests.Bug789277Test" time="0.001"/>
  <testcase name="parserWithIdeErrorReporter_Reader[17]" classname="org.mozilla.javascript.tests.Bug789277Test" time="0.004"/>
  <testcase name="parserWithIdeErrorReporter_String[17]" classname="org.mozilla.javascript.tests.Bug789277Test" time="0.002"/>
  <testcase name="parserWithIdeErrorReporter_String_IdeMode[17]" classname="org.mozilla.javascript.tests.Bug789277Test" time="0.001"/>
  <testcase name="parserWithErrorReporter_Reader[17]" classname="org.mozilla.javascript.tests.Bug789277Test" time="0.0"/>
  <testcase name="parserWithErrorReporter_String[17]" classname="org.mozilla.javascript.tests.Bug789277Test" time="0.0"/>
  <testcase name="parserWithIdeErrorReporter_Reader_IdeMode[17]" classname="org.mozilla.javascript.tests.Bug789277Test" time="0.031"/>
  <testcase name="parserWithIdeErrorReporter_Reader[18]" classname="org.mozilla.javascript.tests.Bug789277Test" time="0.0"/>
  <testcase name="parserWithIdeErrorReporter_String[18]" classname="org.mozilla.javascript.tests.Bug789277Test" time="0.001"/>
  <testcase name="parserWithIdeErrorReporter_String_IdeMode[18]" classname="org.mozilla.javascript.tests.Bug789277Test" time="0.007"/>
  <testcase name="parserWithErrorReporter_Reader[18]" classname="org.mozilla.javascript.tests.Bug789277Test" time="0.0"/>
  <testcase name="parserWithErrorReporter_String[18]" classname="org.mozilla.javascript.tests.Bug789277Test" time="0.0"/>
  <testcase name="parserWithIdeErrorReporter_Reader_IdeMode[18]" classname="org.mozilla.javascript.tests.Bug789277Test" time="0.0"/>
  <testcase name="parserWithIdeErrorReporter_Reader[19]" classname="org.mozilla.javascript.tests.Bug789277Test" time="0.001"/>
  <testcase name="parserWithIdeErrorReporter_String[19]" classname="org.mozilla.javascript.tests.Bug789277Test" time="0.0"/>
  <testcase name="parserWithIdeErrorReporter_String_IdeMode[19]" classname="org.mozilla.javascript.tests.Bug789277Test" time="0.0"/>
  <testcase name="parserWithErrorReporter_Reader[19]" classname="org.mozilla.javascript.tests.Bug789277Test" time="0.006"/>
  <testcase name="parserWithErrorReporter_String[19]" classname="org.mozilla.javascript.tests.Bug789277Test" time="0.006"/>
  <testcase name="parserWithIdeErrorReporter_Reader_IdeMode[19]" classname="org.mozilla.javascript.tests.Bug789277Test" time="0.0"/>
  <testcase name="parserWithIdeErrorReporter_Reader[20]" classname="org.mozilla.javascript.tests.Bug789277Test" time="0.0"/>
  <testcase name="parserWithIdeErrorReporter_String[20]" classname="org.mozilla.javascript.tests.Bug789277Test" time="0.0"/>
  <testcase name="parserWithIdeErrorReporter_String_IdeMode[20]" classname="org.mozilla.javascript.tests.Bug789277Test" time="0.0"/>
  <testcase name="parserWithErrorReporter_Reader[20]" classname="org.mozilla.javascript.tests.Bug789277Test" time="0.001"/>
  <testcase name="parserWithErrorReporter_String[20]" classname="org.mozilla.javascript.tests.Bug789277Test" time="0.001"/>
  <testcase name="parserWithIdeErrorReporter_Reader_IdeMode[20]" classname="org.mozilla.javascript.tests.Bug789277Test" time="0.003"/>
  <testcase name="parserWithIdeErrorReporter_Reader[21]" classname="org.mozilla.javascript.tests.Bug789277Test" time="0.0"/>
  <testcase name="parserWithIdeErrorReporter_String[21]" classname="org.mozilla.javascript.tests.Bug789277Test" time="0.0"/>
  <testcase name="parserWithIdeErrorReporter_String_IdeMode[21]" classname="org.mozilla.javascript.tests.Bug789277Test" time="0.0"/>
  <testcase name="parserWithErrorReporter_Reader[21]" classname="org.mozilla.javascript.tests.Bug789277Test" time="0.002"/>
  <testcase name="parserWithErrorReporter_String[21]" classname="org.mozilla.javascript.tests.Bug789277Test" time="0.0"/>
  <testcase name="parserWithIdeErrorReporter_Reader_IdeMode[21]" classname="org.mozilla.javascript.tests.Bug789277Test" time="0.03"/>
  <testcase name="parserWithIdeErrorReporter_Reader[22]" classname="org.mozilla.javascript.tests.Bug789277Test" time="0.0"/>
  <testcase name="parserWithIdeErrorReporter_String[22]" classname="org.mozilla.javascript.tests.Bug789277Test" time="0.001"/>
  <testcase name="parserWithIdeErrorReporter_String_IdeMode[22]" classname="org.mozilla.javascript.tests.Bug789277Test" time="0.0"/>
  <testcase name="parserWithErrorReporter_Reader[22]" classname="org.mozilla.javascript.tests.Bug789277Test" time="0.0"/>
  <testcase name="parserWithErrorReporter_String[22]" classname="org.mozilla.javascript.tests.Bug789277Test" time="0.001"/>
  <testcase name="parserWithIdeErrorReporter_Reader_IdeMode[22]" classname="org.mozilla.javascript.tests.Bug789277Test" time="0.0"/>
  <testcase name="parserWithIdeErrorReporter_Reader[23]" classname="org.mozilla.javascript.tests.Bug789277Test" time="0.001"/>
  <testcase name="parserWithIdeErrorReporter_String[23]" classname="org.mozilla.javascript.tests.Bug789277Test" time="0.0"/>
  <testcase name="parserWithIdeErrorReporter_String_IdeMode[23]" classname="org.mozilla.javascript.tests.Bug789277Test" time="0.0"/>
  <testcase name="parserWithErrorReporter_Reader[23]" classname="org.mozilla.javascript.tests.Bug789277Test" time="0.0"/>
  <testcase name="parserWithErrorReporter_String[23]" classname="org.mozilla.javascript.tests.Bug789277Test" time="0.0"/>
  <testcase name="parserWithIdeErrorReporter_Reader_IdeMode[23]" classname="org.mozilla.javascript.tests.Bug789277Test" time="0.0"/>
  <testcase name="parserWithIdeErrorReporter_Reader[24]" classname="org.mozilla.javascript.tests.Bug789277Test" time="0.001"/>
  <testcase name="parserWithIdeErrorReporter_String[24]" classname="org.mozilla.javascript.tests.Bug789277Test" time="0.0"/>
  <testcase name="parserWithIdeErrorReporter_String_IdeMode[24]" classname="org.mozilla.javascript.tests.Bug789277Test" time="0.0"/>
  <testcase name="parserWithErrorReporter_Reader[24]" classname="org.mozilla.javascript.tests.Bug789277Test" time="0.0"/>
  <testcase name="parserWithErrorReporter_String[24]" classname="org.mozilla.javascript.tests.Bug789277Test" time="0.001"/>
  <testcase name="parserWithIdeErrorReporter_Reader_IdeMode[24]" classname="org.mozilla.javascript.tests.Bug789277Test" time="0.0"/>
  <testcase name="parserWithIdeErrorReporter_Reader[25]" classname="org.mozilla.javascript.tests.Bug789277Test" time="0.001"/>
  <testcase name="parserWithIdeErrorReporter_String[25]" classname="org.mozilla.javascript.tests.Bug789277Test" time="0.0"/>
  <testcase name="parserWithIdeErrorReporter_String_IdeMode[25]" classname="org.mozilla.javascript.tests.Bug789277Test" time="0.001"/>
  <testcase name="parserWithErrorReporter_Reader[25]" classname="org.mozilla.javascript.tests.Bug789277Test" time="0.0"/>
  <testcase name="parserWithErrorReporter_String[25]" classname="org.mozilla.javascript.tests.Bug789277Test" time="0.001"/>
  <testcase name="parserWithIdeErrorReporter_Reader_IdeMode[25]" classname="org.mozilla.javascript.tests.Bug789277Test" time="0.001"/>
  <testcase name="parserWithIdeErrorReporter_Reader[26]" classname="org.mozilla.javascript.tests.Bug789277Test" time="0.016"/>
  <testcase name="parserWithIdeErrorReporter_String[26]" classname="org.mozilla.javascript.tests.Bug789277Test" time="0.0"/>
  <testcase name="parserWithIdeErrorReporter_String_IdeMode[26]" classname="org.mozilla.javascript.tests.Bug789277Test" time="0.001"/>
  <testcase name="parserWithErrorReporter_Reader[26]" classname="org.mozilla.javascript.tests.Bug789277Test" time="0.001"/>
  <testcase name="parserWithErrorReporter_String[26]" classname="org.mozilla.javascript.tests.Bug789277Test" time="0.0"/>
  <testcase name="parserWithIdeErrorReporter_Reader_IdeMode[26]" classname="org.mozilla.javascript.tests.Bug789277Test" time="0.0"/>
  <testcase name="parserWithIdeErrorReporter_Reader[27]" classname="org.mozilla.javascript.tests.Bug789277Test" time="0.0"/>
  <testcase name="parserWithIdeErrorReporter_String[27]" classname="org.mozilla.javascript.tests.Bug789277Test" time="0.0"/>
  <testcase name="parserWithIdeErrorReporter_String_IdeMode[27]" classname="org.mozilla.javascript.tests.Bug789277Test" time="0.0"/>
  <testcase name="parserWithErrorReporter_Reader[27]" classname="org.mozilla.javascript.tests.Bug789277Test" time="0.016"/>
  <testcase name="parserWithErrorReporter_String[27]" classname="org.mozilla.javascript.tests.Bug789277Test" time="0.001"/>
  <testcase name="parserWithIdeErrorReporter_Reader_IdeMode[27]" classname="org.mozilla.javascript.tests.Bug789277Test" time="0.0"/>
  <testcase name="parserWithIdeErrorReporter_Reader[28]" classname="org.mozilla.javascript.tests.Bug789277Test" time="0.0"/>
  <testcase name="parserWithIdeErrorReporter_String[28]" classname="org.mozilla.javascript.tests.Bug789277Test" time="0.0"/>
  <testcase name="parserWithIdeErrorReporter_String_IdeMode[28]" classname="org.mozilla.javascript.tests.Bug789277Test" time="0.0"/>
  <testcase name="parserWithErrorReporter_Reader[28]" classname="org.mozilla.javascript.tests.Bug789277Test" time="0.001"/>
  <testcase name="parserWithErrorReporter_String[28]" classname="org.mozilla.javascript.tests.Bug789277Test" time="0.0"/>
  <testcase name="parserWithIdeErrorReporter_Reader_IdeMode[28]" classname="org.mozilla.javascript.tests.Bug789277Test" time="0.013"/>
  <testcase name="parserWithIdeErrorReporter_Reader[29]" classname="org.mozilla.javascript.tests.Bug789277Test" time="0.0"/>
  <testcase name="parserWithIdeErrorReporter_String[29]" classname="org.mozilla.javascript.tests.Bug789277Test" time="0.001"/>
  <testcase name="parserWithIdeErrorReporter_String_IdeMode[29]" classname="org.mozilla.javascript.tests.Bug789277Test" time="0.0"/>
  <testcase name="parserWithErrorReporter_Reader[29]" classname="org.mozilla.javascript.tests.Bug789277Test" time="0.0"/>
  <testcase name="parserWithErrorReporter_String[29]" classname="org.mozilla.javascript.tests.Bug789277Test" time="0.0"/>
  <testcase name="parserWithIdeErrorReporter_Reader_IdeMode[29]" classname="org.mozilla.javascript.tests.Bug789277Test" time="0.001"/>
  <testcase name="parserWithIdeErrorReporter_Reader[30]" classname="org.mozilla.javascript.tests.Bug789277Test" time="0.0"/>
  <testcase name="parserWithIdeErrorReporter_String[30]" classname="org.mozilla.javascript.tests.Bug789277Test" time="0.0"/>
  <testcase name="parserWithIdeErrorReporter_String_IdeMode[30]" classname="org.mozilla.javascript.tests.Bug789277Test" time="0.011"/>
  <testcase name="parserWithErrorReporter_Reader[30]" classname="org.mozilla.javascript.tests.Bug789277Test" time="0.0"/>
  <testcase name="parserWithErrorReporter_String[30]" classname="org.mozilla.javascript.tests.Bug789277Test" time="0.001"/>
  <testcase name="parserWithIdeErrorReporter_Reader_IdeMode[30]" classname="org.mozilla.javascript.tests.Bug789277Test" time="0.0"/>
  <testcase name="parserWithIdeErrorReporter_Reader[31]" classname="org.mozilla.javascript.tests.Bug789277Test" time="0.0"/>
  <testcase name="parserWithIdeErrorReporter_String[31]" classname="org.mozilla.javascript.tests.Bug789277Test" time="0.0"/>
  <testcase name="parserWithIdeErrorReporter_String_IdeMode[31]" classname="org.mozilla.javascript.tests.Bug789277Test" time="0.001"/>
  <testcase name="parserWithErrorReporter_Reader[31]" classname="org.mozilla.javascript.tests.Bug789277Test" time="0.001"/>
  <testcase name="parserWithErrorReporter_String[31]" classname="org.mozilla.javascript.tests.Bug789277Test" time="0.0"/>
  <testcase name="parserWithIdeErrorReporter_Reader_IdeMode[31]" classname="org.mozilla.javascript.tests.Bug789277Test" time="0.015"/>
  <testcase name="parserWithIdeErrorReporter_Reader[32]" classname="org.mozilla.javascript.tests.Bug789277Test" time="0.001"/>
  <testcase name="parserWithIdeErrorReporter_String[32]" classname="org.mozilla.javascript.tests.Bug789277Test" time="0.0"/>
  <testcase name="parserWithIdeErrorReporter_String_IdeMode[32]" classname="org.mozilla.javascript.tests.Bug789277Test" time="0.0"/>
  <testcase name="parserWithErrorReporter_Reader[32]" classname="org.mozilla.javascript.tests.Bug789277Test" time="0.012"/>
  <testcase name="parserWithErrorReporter_String[32]" classname="org.mozilla.javascript.tests.Bug789277Test" time="0.0"/>
  <testcase name="parserWithIdeErrorReporter_Reader_IdeMode[32]" classname="org.mozilla.javascript.tests.Bug789277Test" time="0.0"/>
  <testcase name="parserWithIdeErrorReporter_Reader[33]" classname="org.mozilla.javascript.tests.Bug789277Test" time="0.0"/>
  <testcase name="parserWithIdeErrorReporter_String[33]" classname="org.mozilla.javascript.tests.Bug789277Test" time="0.0"/>
  <testcase name="parserWithIdeErrorReporter_String_IdeMode[33]" classname="org.mozilla.javascript.tests.Bug789277Test" time="0.0"/>
  <testcase name="parserWithErrorReporter_Reader[33]" classname="org.mozilla.javascript.tests.Bug789277Test" time="0.004"/>
  <testcase name="parserWithErrorReporter_String[33]" classname="org.mozilla.javascript.tests.Bug789277Test" time="0.0"/>
  <testcase name="parserWithIdeErrorReporter_Reader_IdeMode[33]" classname="org.mozilla.javascript.tests.Bug789277Test" time="0.0"/>
  <testcase name="parserWithIdeErrorReporter_Reader[34]" classname="org.mozilla.javascript.tests.Bug789277Test" time="0.008"/>
  <testcase name="parserWithIdeErrorReporter_String[34]" classname="org.mozilla.javascript.tests.Bug789277Test" time="0.0"/>
  <testcase name="parserWithIdeErrorReporter_String_IdeMode[34]" classname="org.mozilla.javascript.tests.Bug789277Test" time="0.0"/>
  <testcase name="parserWithErrorReporter_Reader[34]" classname="org.mozilla.javascript.tests.Bug789277Test" time="0.001"/>
  <testcase name="parserWithErrorReporter_String[34]" classname="org.mozilla.javascript.tests.Bug789277Test" time="0.0"/>
  <testcase name="parserWithIdeErrorReporter_Reader_IdeMode[34]" classname="org.mozilla.javascript.tests.Bug789277Test" time="0.0"/>
  <testcase name="parserWithIdeErrorReporter_Reader[35]" classname="org.mozilla.javascript.tests.Bug789277Test" time="0.001"/>
  <testcase name="parserWithIdeErrorReporter_String[35]" classname="org.mozilla.javascript.tests.Bug789277Test" time="0.0"/>
  <testcase name="parserWithIdeErrorReporter_String_IdeMode[35]" classname="org.mozilla.javascript.tests.Bug789277Test" time="0.0"/>
  <testcase name="parserWithErrorReporter_Reader[35]" classname="org.mozilla.javascript.tests.Bug789277Test" time="0.001"/>
  <testcase name="parserWithErrorReporter_String[35]" classname="org.mozilla.javascript.tests.Bug789277Test" time="0.0"/>
  <testcase name="parserWithIdeErrorReporter_Reader_IdeMode[35]" classname="org.mozilla.javascript.tests.Bug789277Test" time="0.0"/>
  <testcase name="parserWithIdeErrorReporter_Reader[36]" classname="org.mozilla.javascript.tests.Bug789277Test" time="0.0"/>
  <testcase name="parserWithIdeErrorReporter_String[36]" classname="org.mozilla.javascript.tests.Bug789277Test" time="0.001"/>
  <testcase name="parserWithIdeErrorReporter_String_IdeMode[36]" classname="org.mozilla.javascript.tests.Bug789277Test" time="0.005"/>
  <testcase name="parserWithErrorReporter_Reader[36]" classname="org.mozilla.javascript.tests.Bug789277Test" time="0.004"/>
  <testcase name="parserWithErrorReporter_String[36]" classname="org.mozilla.javascript.tests.Bug789277Test" time="0.0"/>
  <testcase name="parserWithIdeErrorReporter_Reader_IdeMode[36]" classname="org.mozilla.javascript.tests.Bug789277Test" time="0.0"/>
  <testcase name="parserWithIdeErrorReporter_Reader[37]" classname="org.mozilla.javascript.tests.Bug789277Test" time="0.001"/>
  <testcase name="parserWithIdeErrorReporter_String[37]" classname="org.mozilla.javascript.tests.Bug789277Test" time="0.0"/>
  <testcase name="parserWithIdeErrorReporter_String_IdeMode[37]" classname="org.mozilla.javascript.tests.Bug789277Test" time="0.0"/>
  <testcase name="parserWithErrorReporter_Reader[37]" classname="org.mozilla.javascript.tests.Bug789277Test" time="0.0"/>
  <testcase name="parserWithErrorReporter_String[37]" classname="org.mozilla.javascript.tests.Bug789277Test" time="0.0"/>
  <testcase name="parserWithIdeErrorReporter_Reader_IdeMode[37]" classname="org.mozilla.javascript.tests.Bug789277Test" time="0.009"/>
  <testcase name="parserWithIdeErrorReporter_Reader[38]" classname="org.mozilla.javascript.tests.Bug789277Test" time="0.0"/>
  <testcase name="parserWithIdeErrorReporter_String[38]" classname="org.mozilla.javascript.tests.Bug789277Test" time="0.0"/>
  <testcase name="parserWithIdeErrorReporter_String_IdeMode[38]" classname="org.mozilla.javascript.tests.Bug789277Test" time="0.0"/>
  <testcase name="parserWithErrorReporter_Reader[38]" classname="org.mozilla.javascript.tests.Bug789277Test" time="0.0"/>
  <testcase name="parserWithErrorReporter_String[38]" classname="org.mozilla.javascript.tests.Bug789277Test" time="0.001"/>
  <testcase name="parserWithIdeErrorReporter_Reader_IdeMode[38]" classname="org.mozilla.javascript.tests.Bug789277Test" time="0.0"/>
  <testcase name="parserWithIdeErrorReporter_Reader[39]" classname="org.mozilla.javascript.tests.Bug789277Test" time="0.001"/>
  <testcase name="parserWithIdeErrorReporter_String[39]" classname="org.mozilla.javascript.tests.Bug789277Test" time="0.0"/>
  <testcase name="parserWithIdeErrorReporter_String_IdeMode[39]" classname="org.mozilla.javascript.tests.Bug789277Test" time="0.001"/>
  <testcase name="parserWithErrorReporter_Reader[39]" classname="org.mozilla.javascript.tests.Bug789277Test" time="0.0"/>
  <testcase name="parserWithErrorReporter_String[39]" classname="org.mozilla.javascript.tests.Bug789277Test" time="0.0"/>
  <testcase name="parserWithIdeErrorReporter_Reader_IdeMode[39]" classname="org.mozilla.javascript.tests.Bug789277Test" time="0.001"/>
  <testcase name="parserWithIdeErrorReporter_Reader[40]" classname="org.mozilla.javascript.tests.Bug789277Test" time="0.0"/>
  <testcase name="parserWithIdeErrorReporter_String[40]" classname="org.mozilla.javascript.tests.Bug789277Test" time="0.0"/>
  <testcase name="parserWithIdeErrorReporter_String_IdeMode[40]" classname="org.mozilla.javascript.tests.Bug789277Test" time="0.0"/>
  <testcase name="parserWithErrorReporter_Reader[40]" classname="org.mozilla.javascript.tests.Bug789277Test" time="0.0"/>
  <testcase name="parserWithErrorReporter_String[40]" classname="org.mozilla.javascript.tests.Bug789277Test" time="0.0"/>
  <testcase name="parserWithIdeErrorReporter_Reader_IdeMode[40]" classname="org.mozilla.javascript.tests.Bug789277Test" time="0.014"/>
  <testcase name="parserWithIdeErrorReporter_Reader[41]" classname="org.mozilla.javascript.tests.Bug789277Test" time="0.0"/>
  <testcase name="parserWithIdeErrorReporter_String[41]" classname="org.mozilla.javascript.tests.Bug789277Test" time="0.001"/>
  <testcase name="parserWithIdeErrorReporter_String_IdeMode[41]" classname="org.mozilla.javascript.tests.Bug789277Test" time="0.0"/>
  <testcase name="parserWithErrorReporter_Reader[41]" classname="org.mozilla.javascript.tests.Bug789277Test" time="0.001"/>
  <testcase name="parserWithErrorReporter_String[41]" classname="org.mozilla.javascript.tests.Bug789277Test" time="0.012"/>
  <testcase name="parserWithIdeErrorReporter_Reader_IdeMode[41]" classname="org.mozilla.javascript.tests.Bug789277Test" time="0.0"/>
  <testcase name="parserWithIdeErrorReporter_Reader[42]" classname="org.mozilla.javascript.tests.Bug789277Test" time="0.0"/>
  <testcase name="parserWithIdeErrorReporter_String[42]" classname="org.mozilla.javascript.tests.Bug789277Test" time="0.0"/>
  <testcase name="parserWithIdeErrorReporter_String_IdeMode[42]" classname="org.mozilla.javascript.tests.Bug789277Test" time="0.0"/>
  <testcase name="parserWithErrorReporter_Reader[42]" classname="org.mozilla.javascript.tests.Bug789277Test" time="0.0"/>
  <testcase name="parserWithErrorReporter_String[42]" classname="org.mozilla.javascript.tests.Bug789277Test" time="0.001"/>
  <testcase name="parserWithIdeErrorReporter_Reader_IdeMode[42]" classname="org.mozilla.javascript.tests.Bug789277Test" time="0.0"/>
  <testcase name="parserWithIdeErrorReporter_Reader[43]" classname="org.mozilla.javascript.tests.Bug789277Test" time="0.001"/>
  <testcase name="parserWithIdeErrorReporter_String[43]" classname="org.mozilla.javascript.tests.Bug789277Test" time="0.0"/>
  <testcase name="parserWithIdeErrorReporter_String_IdeMode[43]" classname="org.mozilla.javascript.tests.Bug789277Test" time="0.0"/>
  <testcase name="parserWithErrorReporter_Reader[43]" classname="org.mozilla.javascript.tests.Bug789277Test" time="0.001"/>
  <testcase name="parserWithErrorReporter_String[43]" classname="org.mozilla.javascript.tests.Bug789277Test" time="0.0"/>
  <testcase name="parserWithIdeErrorReporter_Reader_IdeMode[43]" classname="org.mozilla.javascript.tests.Bug789277Test" time="0.0"/>
  <testcase name="parserWithIdeErrorReporter_Reader[44]" classname="org.mozilla.javascript.tests.Bug789277Test" time="0.0"/>
  <testcase name="parserWithIdeErrorReporter_String[44]" classname="org.mozilla.javascript.tests.Bug789277Test" time="0.001"/>
  <testcase name="parserWithIdeErrorReporter_String_IdeMode[44]" classname="org.mozilla.javascript.tests.Bug789277Test" time="0.0"/>
  <testcase name="parserWithErrorReporter_Reader[44]" classname="org.mozilla.javascript.tests.Bug789277Test" time="0.0"/>
  <testcase name="parserWithErrorReporter_String[44]" classname="org.mozilla.javascript.tests.Bug789277Test" time="0.0"/>
  <testcase name="parserWithIdeErrorReporter_Reader_IdeMode[44]" classname="org.mozilla.javascript.tests.Bug789277Test" time="0.0"/>
  <testcase name="parserWithIdeErrorReporter_Reader[45]" classname="org.mozilla.javascript.tests.Bug789277Test" time="0.0"/>
  <testcase name="parserWithIdeErrorReporter_String[45]" classname="org.mozilla.javascript.tests.Bug789277Test" time="0.0"/>
  <testcase name="parserWithIdeErrorReporter_String_IdeMode[45]" classname="org.mozilla.javascript.tests.Bug789277Test" time="0.0"/>
  <testcase name="parserWithErrorReporter_Reader[45]" classname="org.mozilla.javascript.tests.Bug789277Test" time="0.0"/>
  <testcase name="parserWithErrorReporter_String[45]" classname="org.mozilla.javascript.tests.Bug789277Test" time="0.001"/>
  <testcase name="parserWithIdeErrorReporter_Reader_IdeMode[45]" classname="org.mozilla.javascript.tests.Bug789277Test" time="0.0"/>
  <testcase name="parserWithIdeErrorReporter_Reader[46]" classname="org.mozilla.javascript.tests.Bug789277Test" time="0.0"/>
  <testcase name="parserWithIdeErrorReporter_String[46]" classname="org.mozilla.javascript.tests.Bug789277Test" time="0.001"/>
  <testcase name="parserWithIdeErrorReporter_String_IdeMode[46]" classname="org.mozilla.javascript.tests.Bug789277Test" time="0.004"/>
  <testcase name="parserWithErrorReporter_Reader[46]" classname="org.mozilla.javascript.tests.Bug789277Test" time="0.0"/>
  <testcase name="parserWithErrorReporter_String[46]" classname="org.mozilla.javascript.tests.Bug789277Test" time="0.001"/>
  <testcase name="parserWithIdeErrorReporter_Reader_IdeMode[46]" classname="org.mozilla.javascript.tests.Bug789277Test" time="0.0"/>
  <testcase name="parserWithIdeErrorReporter_Reader[47]" classname="org.mozilla.javascript.tests.Bug789277Test" time="0.001"/>
  <testcase name="parserWithIdeErrorReporter_String[47]" classname="org.mozilla.javascript.tests.Bug789277Test" time="0.0"/>
  <testcase name="parserWithIdeErrorReporter_String_IdeMode[47]" classname="org.mozilla.javascript.tests.Bug789277Test" time="0.0"/>
  <testcase name="parserWithErrorReporter_Reader[47]" classname="org.mozilla.javascript.tests.Bug789277Test" time="0.006"/>
  <testcase name="parserWithErrorReporter_String[47]" classname="org.mozilla.javascript.tests.Bug789277Test" time="0.001"/>
  <testcase name="parserWithIdeErrorReporter_Reader_IdeMode[47]" classname="org.mozilla.javascript.tests.Bug789277Test" time="0.003"/>
  <testcase name="parserWithIdeErrorReporter_Reader[48]" classname="org.mozilla.javascript.tests.Bug789277Test" time="0.0"/>
  <testcase name="parserWithIdeErrorReporter_String[48]" classname="org.mozilla.javascript.tests.Bug789277Test" time="0.0"/>
  <testcase name="parserWithIdeErrorReporter_String_IdeMode[48]" classname="org.mozilla.javascript.tests.Bug789277Test" time="0.001"/>
  <testcase name="parserWithErrorReporter_Reader[48]" classname="org.mozilla.javascript.tests.Bug789277Test" time="0.001"/>
  <testcase name="parserWithErrorReporter_String[48]" classname="org.mozilla.javascript.tests.Bug789277Test" time="0.0"/>
  <testcase name="parserWithIdeErrorReporter_Reader_IdeMode[48]" classname="org.mozilla.javascript.tests.Bug789277Test" time="0.0"/>
  <testcase name="parserWithIdeErrorReporter_Reader[49]" classname="org.mozilla.javascript.tests.Bug789277Test" time="0.0"/>
  <testcase name="parserWithIdeErrorReporter_String[49]" classname="org.mozilla.javascript.tests.Bug789277Test" time="0.0"/>
  <testcase name="parserWithIdeErrorReporter_String_IdeMode[49]" classname="org.mozilla.javascript.tests.Bug789277Test" time="0.0"/>
  <testcase name="parserWithErrorReporter_Reader[49]" classname="org.mozilla.javascript.tests.Bug789277Test" time="0.0"/>
  <testcase name="parserWithErrorReporter_String[49]" classname="org.mozilla.javascript.tests.Bug789277Test" time="0.0"/>
  <testcase name="parserWithIdeErrorReporter_Reader_IdeMode[49]" classname="org.mozilla.javascript.tests.Bug789277Test" time="0.001"/>
  <testcase name="parserWithIdeErrorReporter_Reader[50]" classname="org.mozilla.javascript.tests.Bug789277Test" time="0.001"/>
  <testcase name="parserWithIdeErrorReporter_String[50]" classname="org.mozilla.javascript.tests.Bug789277Test" time="0.0"/>
  <testcase name="parserWithIdeErrorReporter_String_IdeMode[50]" classname="org.mozilla.javascript.tests.Bug789277Test" time="0.001"/>
  <testcase name="parserWithErrorReporter_Reader[50]" classname="org.mozilla.javascript.tests.Bug789277Test" time="0.0"/>
  <testcase name="parserWithErrorReporter_String[50]" classname="org.mozilla.javascript.tests.Bug789277Test" time="0.0"/>
  <testcase name="parserWithIdeErrorReporter_Reader_IdeMode[50]" classname="org.mozilla.javascript.tests.Bug789277Test" time="0.0"/>
  <testcase name="parserWithIdeErrorReporter_Reader[51]" classname="org.mozilla.javascript.tests.Bug789277Test" time="0.0"/>
  <testcase name="parserWithIdeErrorReporter_String[51]" classname="org.mozilla.javascript.tests.Bug789277Test" time="0.0"/>
  <testcase name="parserWithIdeErrorReporter_String_IdeMode[51]" classname="org.mozilla.javascript.tests.Bug789277Test" time="0.0"/>
  <testcase name="parserWithErrorReporter_Reader[51]" classname="org.mozilla.javascript.tests.Bug789277Test" time="0.003"/>
  <testcase name="parserWithErrorReporter_String[51]" classname="org.mozilla.javascript.tests.Bug789277Test" time="0.0"/>
  <testcase name="parserWithIdeErrorReporter_Reader_IdeMode[51]" classname="org.mozilla.javascript.tests.Bug789277Test" time="0.0"/>
  <testcase name="parserWithIdeErrorReporter_Reader[52]" classname="org.mozilla.javascript.tests.Bug789277Test" time="0.0"/>
  <testcase name="parserWithIdeErrorReporter_String[52]" classname="org.mozilla.javascript.tests.Bug789277Test" time="0.001"/>
  <testcase name="parserWithIdeErrorReporter_String_IdeMode[52]" classname="org.mozilla.javascript.tests.Bug789277Test" time="0.0"/>
  <testcase name="parserWithErrorReporter_Reader[52]" classname="org.mozilla.javascript.tests.Bug789277Test" time="0.0"/>
  <testcase name="parserWithErrorReporter_String[52]" classname="org.mozilla.javascript.tests.Bug789277Test" time="0.0"/>
  <testcase name="parserWithIdeErrorReporter_Reader_IdeMode[52]" classname="org.mozilla.javascript.tests.Bug789277Test" time="0.0"/>
  <testcase name="parserWithIdeErrorReporter_Reader[53]" classname="org.mozilla.javascript.tests.Bug789277Test" time="0.0"/>
  <testcase name="parserWithIdeErrorReporter_String[53]" classname="org.mozilla.javascript.tests.Bug789277Test" time="0.001"/>
  <testcase name="parserWithIdeErrorReporter_String_IdeMode[53]" classname="org.mozilla.javascript.tests.Bug789277Test" time="0.0"/>
  <testcase name="parserWithErrorReporter_Reader[53]" classname="org.mozilla.javascript.tests.Bug789277Test" time="0.0"/>
  <testcase name="parserWithErrorReporter_String[53]" classname="org.mozilla.javascript.tests.Bug789277Test" time="0.001"/>
  <testcase name="parserWithIdeErrorReporter_Reader_IdeMode[53]" classname="org.mozilla.javascript.tests.Bug789277Test" time="0.003"/>
  <testcase name="parserWithIdeErrorReporter_Reader[54]" classname="org.mozilla.javascript.tests.Bug789277Test" time="0.0"/>
  <testcase name="parserWithIdeErrorReporter_String[54]" classname="org.mozilla.javascript.tests.Bug789277Test" time="0.0"/>
  <testcase name="parserWithIdeErrorReporter_String_IdeMode[54]" classname="org.mozilla.javascript.tests.Bug789277Test" time="0.0"/>
  <testcase name="parserWithErrorReporter_Reader[54]" classname="org.mozilla.javascript.tests.Bug789277Test" time="0.001"/>
  <testcase name="parserWithErrorReporter_String[54]" classname="org.mozilla.javascript.tests.Bug789277Test" time="0.0"/>
  <testcase name="parserWithIdeErrorReporter_Reader_IdeMode[54]" classname="org.mozilla.javascript.tests.Bug789277Test" time="0.0"/>
  <testcase name="parserWithIdeErrorReporter_Reader[55]" classname="org.mozilla.javascript.tests.Bug789277Test" time="0.023"/>
  <testcase name="parserWithIdeErrorReporter_String[55]" classname="org.mozilla.javascript.tests.Bug789277Test" time="0.0"/>
  <testcase name="parserWithIdeErrorReporter_String_IdeMode[55]" classname="org.mozilla.javascript.tests.Bug789277Test" time="0.0"/>
  <testcase name="parserWithErrorReporter_Reader[55]" classname="org.mozilla.javascript.tests.Bug789277Test" time="0.0"/>
  <testcase name="parserWithErrorReporter_String[55]" classname="org.mozilla.javascript.tests.Bug789277Test" time="0.0"/>
  <testcase name="parserWithIdeErrorReporter_Reader_IdeMode[55]" classname="org.mozilla.javascript.tests.Bug789277Test" time="0.0"/>
  <testcase name="parserWithIdeErrorReporter_Reader[56]" classname="org.mozilla.javascript.tests.Bug789277Test" time="0.0"/>
  <testcase name="parserWithIdeErrorReporter_String[56]" classname="org.mozilla.javascript.tests.Bug789277Test" time="0.001"/>
  <testcase name="parserWithIdeErrorReporter_String_IdeMode[56]" classname="org.mozilla.javascript.tests.Bug789277Test" time="0.0"/>
  <testcase name="parserWithErrorReporter_Reader[56]" classname="org.mozilla.javascript.tests.Bug789277Test" time="0.0"/>
  <testcase name="parserWithErrorReporter_String[56]" classname="org.mozilla.javascript.tests.Bug789277Test" time="0.001"/>
  <testcase name="parserWithIdeErrorReporter_Reader_IdeMode[56]" classname="org.mozilla.javascript.tests.Bug789277Test" time="0.0"/>
  <testcase name="parserWithIdeErrorReporter_Reader[57]" classname="org.mozilla.javascript.tests.Bug789277Test" time="0.001"/>
  <testcase name="parserWithIdeErrorReporter_String[57]" classname="org.mozilla.javascript.tests.Bug789277Test" time="0.0"/>
  <testcase name="parserWithIdeErrorReporter_String_IdeMode[57]" classname="org.mozilla.javascript.tests.Bug789277Test" time="0.0"/>
  <testcase name="parserWithErrorReporter_Reader[57]" classname="org.mozilla.javascript.tests.Bug789277Test" time="0.001"/>
  <testcase name="parserWithErrorReporter_String[57]" classname="org.mozilla.javascript.tests.Bug789277Test" time="0.0"/>
  <testcase name="parserWithIdeErrorReporter_Reader_IdeMode[57]" classname="org.mozilla.javascript.tests.Bug789277Test" time="0.0"/>
  <testcase name="parserWithIdeErrorReporter_Reader[58]" classname="org.mozilla.javascript.tests.Bug789277Test" time="0.001"/>
  <testcase name="parserWithIdeErrorReporter_String[58]" classname="org.mozilla.javascript.tests.Bug789277Test" time="0.0"/>
  <testcase name="parserWithIdeErrorReporter_String_IdeMode[58]" classname="org.mozilla.javascript.tests.Bug789277Test" time="0.0"/>
  <testcase name="parserWithErrorReporter_Reader[58]" classname="org.mozilla.javascript.tests.Bug789277Test" time="0.001"/>
  <testcase name="parserWithErrorReporter_String[58]" classname="org.mozilla.javascript.tests.Bug789277Test" time="0.0"/>
  <testcase name="parserWithIdeErrorReporter_Reader_IdeMode[58]" classname="org.mozilla.javascript.tests.Bug789277Test" time="0.0"/>
  <testcase name="parserWithIdeErrorReporter_Reader[59]" classname="org.mozilla.javascript.tests.Bug789277Test" time="0.0"/>
  <testcase name="parserWithIdeErrorReporter_String[59]" classname="org.mozilla.javascript.tests.Bug789277Test" time="0.028"/>
  <testcase name="parserWithIdeErrorReporter_String_IdeMode[59]" classname="org.mozilla.javascript.tests.Bug789277Test" time="0.0"/>
  <testcase name="parserWithErrorReporter_Reader[59]" classname="org.mozilla.javascript.tests.Bug789277Test" time="0.0"/>
  <testcase name="parserWithErrorReporter_String[59]" classname="org.mozilla.javascript.tests.Bug789277Test" time="0.0"/>
  <testcase name="parserWithIdeErrorReporter_Reader_IdeMode[59]" classname="org.mozilla.javascript.tests.Bug789277Test" time="0.0"/>
  <testcase name="parserWithIdeErrorReporter_Reader[60]" classname="org.mozilla.javascript.tests.Bug789277Test" time="0.0"/>
  <testcase name="parserWithIdeErrorReporter_String[60]" classname="org.mozilla.javascript.tests.Bug789277Test" time="0.0"/>
  <testcase name="parserWithIdeErrorReporter_String_IdeMode[60]" classname="org.mozilla.javascript.tests.Bug789277Test" time="0.007"/>
  <testcase name="parserWithErrorReporter_Reader[60]" classname="org.mozilla.javascript.tests.Bug789277Test" time="0.0"/>
  <testcase name="parserWithErrorReporter_String[60]" classname="org.mozilla.javascript.tests.Bug789277Test" time="0.0"/>
  <testcase name="parserWithIdeErrorReporter_Reader_IdeMode[60]" classname="org.mozilla.javascript.tests.Bug789277Test" time="0.0"/>
  <testcase name="parserWithIdeErrorReporter_Reader[61]" classname="org.mozilla.javascript.tests.Bug789277Test" time="0.0"/>
  <testcase name="parserWithIdeErrorReporter_String[61]" classname="org.mozilla.javascript.tests.Bug789277Test" time="0.0"/>
  <testcase name="parserWithIdeErrorReporter_String_IdeMode[61]" classname="org.mozilla.javascript.tests.Bug789277Test" time="0.0"/>
  <testcase name="parserWithErrorReporter_Reader[61]" classname="org.mozilla.javascript.tests.Bug789277Test" time="0.0"/>
  <testcase name="parserWithErrorReporter_String[61]" classname="org.mozilla.javascript.tests.Bug789277Test" time="0.001"/>
  <testcase name="parserWithIdeErrorReporter_Reader_IdeMode[61]" classname="org.mozilla.javascript.tests.Bug789277Test" time="0.0"/>
  <testcase name="parserWithIdeErrorReporter_Reader[62]" classname="org.mozilla.javascript.tests.Bug789277Test" time="0.0"/>
  <testcase name="parserWithIdeErrorReporter_String[62]" classname="org.mozilla.javascript.tests.Bug789277Test" time="0.0"/>
  <testcase name="parserWithIdeErrorReporter_String_IdeMode[62]" classname="org.mozilla.javascript.tests.Bug789277Test" time="0.0"/>
  <testcase name="parserWithErrorReporter_Reader[62]" classname="org.mozilla.javascript.tests.Bug789277Test" time="0.008"/>
  <testcase name="parserWithErrorReporter_String[62]" classname="org.mozilla.javascript.tests.Bug789277Test" time="0.0"/>
  <testcase name="parserWithIdeErrorReporter_Reader_IdeMode[62]" classname="org.mozilla.javascript.tests.Bug789277Test" time="0.0"/>
  <testcase name="parserWithIdeErrorReporter_Reader[63]" classname="org.mozilla.javascript.tests.Bug789277Test" time="0.0"/>
  <testcase name="parserWithIdeErrorReporter_String[63]" classname="org.mozilla.javascript.tests.Bug789277Test" time="0.0"/>
  <testcase name="parserWithIdeErrorReporter_String_IdeMode[63]" classname="org.mozilla.javascript.tests.Bug789277Test" time="0.0"/>
  <testcase name="parserWithErrorReporter_Reader[63]" classname="org.mozilla.javascript.tests.Bug789277Test" time="0.0"/>
  <testcase name="parserWithErrorReporter_String[63]" classname="org.mozilla.javascript.tests.Bug789277Test" time="0.0"/>
  <testcase name="parserWithIdeErrorReporter_Reader_IdeMode[63]" classname="org.mozilla.javascript.tests.Bug789277Test" time="0.001"/>
  <testcase name="parserWithIdeErrorReporter_Reader[64]" classname="org.mozilla.javascript.tests.Bug789277Test" time="0.0"/>
  <testcase name="parserWithIdeErrorReporter_String[64]" classname="org.mozilla.javascript.tests.Bug789277Test" time="0.002"/>
  <testcase name="parserWithIdeErrorReporter_String_IdeMode[64]" classname="org.mozilla.javascript.tests.Bug789277Test" time="0.001"/>
  <testcase name="parserWithErrorReporter_Reader[64]" classname="org.mozilla.javascript.tests.Bug789277Test" time="0.006"/>
  <testcase name="parserWithErrorReporter_String[64]" classname="org.mozilla.javascript.tests.Bug789277Test" time="0.001"/>
  <testcase name="parserWithIdeErrorReporter_Reader_IdeMode[64]" classname="org.mozilla.javascript.tests.Bug789277Test" time="0.0"/>
  <testcase name="parserWithIdeErrorReporter_Reader[65]" classname="org.mozilla.javascript.tests.Bug789277Test" time="0.0"/>
  <testcase name="parserWithIdeErrorReporter_String[65]" classname="org.mozilla.javascript.tests.Bug789277Test" time="0.001"/>
  <testcase name="parserWithIdeErrorReporter_String_IdeMode[65]" classname="org.mozilla.javascript.tests.Bug789277Test" time="0.0"/>
  <testcase name="parserWithErrorReporter_Reader[65]" classname="org.mozilla.javascript.tests.Bug789277Test" time="0.0"/>
  <testcase name="parserWithErrorReporter_String[65]" classname="org.mozilla.javascript.tests.Bug789277Test" time="0.0"/>
  <testcase name="parserWithIdeErrorReporter_Reader_IdeMode[65]" classname="org.mozilla.javascript.tests.Bug789277Test" time="0.001"/>
  <testcase name="parserWithIdeErrorReporter_Reader[66]" classname="org.mozilla.javascript.tests.Bug789277Test" time="0.0"/>
  <testcase name="parserWithIdeErrorReporter_String[66]" classname="org.mozilla.javascript.tests.Bug789277Test" time="0.0"/>
  <testcase name="parserWithIdeErrorReporter_String_IdeMode[66]" classname="org.mozilla.javascript.tests.Bug789277Test" time="0.001"/>
  <testcase name="parserWithErrorReporter_Reader[66]" classname="org.mozilla.javascript.tests.Bug789277Test" time="0.001"/>
  <testcase name="parserWithErrorReporter_String[66]" classname="org.mozilla.javascript.tests.Bug789277Test" time="0.001"/>
  <testcase name="parserWithIdeErrorReporter_Reader_IdeMode[66]" classname="org.mozilla.javascript.tests.Bug789277Test" time="0.006"/>
  <testcase name="parserWithIdeErrorReporter_Reader[67]" classname="org.mozilla.javascript.tests.Bug789277Test" time="0.0"/>
  <testcase name="parserWithIdeErrorReporter_String[67]" classname="org.mozilla.javascript.tests.Bug789277Test" time="0.001"/>
  <testcase name="parserWithIdeErrorReporter_String_IdeMode[67]" classname="org.mozilla.javascript.tests.Bug789277Test" time="0.0"/>
  <testcase name="parserWithErrorReporter_Reader[67]" classname="org.mozilla.javascript.tests.Bug789277Test" time="0.0"/>
  <testcase name="parserWithErrorReporter_String[67]" classname="org.mozilla.javascript.tests.Bug789277Test" time="0.0"/>
  <testcase name="parserWithIdeErrorReporter_Reader_IdeMode[67]" classname="org.mozilla.javascript.tests.Bug789277Test" time="0.0"/>
  <testcase name="parserWithIdeErrorReporter_Reader[68]" classname="org.mozilla.javascript.tests.Bug789277Test" time="0.001"/>
  <testcase name="parserWithIdeErrorReporter_String[68]" classname="org.mozilla.javascript.tests.Bug789277Test" time="0.0"/>
  <testcase name="parserWithIdeErrorReporter_String_IdeMode[68]" classname="org.mozilla.javascript.tests.Bug789277Test" time="0.001"/>
  <testcase name="parserWithErrorReporter_Reader[68]" classname="org.mozilla.javascript.tests.Bug789277Test" time="0.0"/>
  <testcase name="parserWithErrorReporter_String[68]" classname="org.mozilla.javascript.tests.Bug789277Test" time="0.001"/>
  <testcase name="parserWithIdeErrorReporter_Reader_IdeMode[68]" classname="org.mozilla.javascript.tests.Bug789277Test" time="0.0"/>
  <testcase name="parserWithIdeErrorReporter_Reader[69]" classname="org.mozilla.javascript.tests.Bug789277Test" time="0.008"/>
  <testcase name="parserWithIdeErrorReporter_String[69]" classname="org.mozilla.javascript.tests.Bug789277Test" time="0.0"/>
  <testcase name="parserWithIdeErrorReporter_String_IdeMode[69]" classname="org.mozilla.javascript.tests.Bug789277Test" time="0.0"/>
  <testcase name="parserWithErrorReporter_Reader[69]" classname="org.mozilla.javascript.tests.Bug789277Test" time="0.0"/>
  <testcase name="parserWithErrorReporter_String[69]" classname="org.mozilla.javascript.tests.Bug789277Test" time="0.0"/>
  <testcase name="parserWithIdeErrorReporter_Reader_IdeMode[69]" classname="org.mozilla.javascript.tests.Bug789277Test" time="0.0"/>
  <testcase name="parserWithIdeErrorReporter_Reader[70]" classname="org.mozilla.javascript.tests.Bug789277Test" time="0.001"/>
  <testcase name="parserWithIdeErrorReporter_String[70]" classname="org.mozilla.javascript.tests.Bug789277Test" time="0.0"/>
  <testcase name="parserWithIdeErrorReporter_String_IdeMode[70]" classname="org.mozilla.javascript.tests.Bug789277Test" time="0.0"/>
  <testcase name="parserWithErrorReporter_Reader[70]" classname="org.mozilla.javascript.tests.Bug789277Test" time="0.001"/>
  <testcase name="parserWithErrorReporter_String[70]" classname="org.mozilla.javascript.tests.Bug789277Test" time="0.0"/>
  <testcase name="parserWithIdeErrorReporter_Reader_IdeMode[70]" classname="org.mozilla.javascript.tests.Bug789277Test" time="0.0"/>
  <testcase name="parserWithIdeErrorReporter_Reader[71]" classname="org.mozilla.javascript.tests.Bug789277Test" time="0.0"/>
  <testcase name="parserWithIdeErrorReporter_String[71]" classname="org.mozilla.javascript.tests.Bug789277Test" time="0.0"/>
  <testcase name="parserWithIdeErrorReporter_String_IdeMode[71]" classname="org.mozilla.javascript.tests.Bug789277Test" time="0.006"/>
  <testcase name="parserWithErrorReporter_Reader[71]" classname="org.mozilla.javascript.tests.Bug789277Test" time="0.0"/>
  <testcase name="parserWithErrorReporter_String[71]" classname="org.mozilla.javascript.tests.Bug789277Test" time="0.0"/>
  <testcase name="parserWithIdeErrorReporter_Reader_IdeMode[71]" classname="org.mozilla.javascript.tests.Bug789277Test" time="0.0"/>
  <testcase name="parserWithIdeErrorReporter_Reader[72]" classname="org.mozilla.javascript.tests.Bug789277Test" time="0.0"/>
  <testcase name="parserWithIdeErrorReporter_String[72]" classname="org.mozilla.javascript.tests.Bug789277Test" time="0.0"/>
  <testcase name="parserWithIdeErrorReporter_String_IdeMode[72]" classname="org.mozilla.javascript.tests.Bug789277Test" time="0.0"/>
  <testcase name="parserWithErrorReporter_Reader[72]" classname="org.mozilla.javascript.tests.Bug789277Test" time="0.008"/>
  <testcase name="parserWithErrorReporter_String[72]" classname="org.mozilla.javascript.tests.Bug789277Test" time="0.0"/>
  <testcase name="parserWithIdeErrorReporter_Reader_IdeMode[72]" classname="org.mozilla.javascript.tests.Bug789277Test" time="0.0"/>
  <testcase name="parserWithIdeErrorReporter_Reader[73]" classname="org.mozilla.javascript.tests.Bug789277Test" time="0.0"/>
  <testcase name="parserWithIdeErrorReporter_String[73]" classname="org.mozilla.javascript.tests.Bug789277Test" time="0.0"/>
  <testcase name="parserWithIdeErrorReporter_String_IdeMode[73]" classname="org.mozilla.javascript.tests.Bug789277Test" time="0.0"/>
  <testcase name="parserWithErrorReporter_Reader[73]" classname="org.mozilla.javascript.tests.Bug789277Test" time="0.0"/>
  <testcase name="parserWithErrorReporter_String[73]" classname="org.mozilla.javascript.tests.Bug789277Test" time="0.0"/>
  <testcase name="parserWithIdeErrorReporter_Reader_IdeMode[73]" classname="org.mozilla.javascript.tests.Bug789277Test" time="0.0"/>
  <testcase name="parserWithIdeErrorReporter_Reader[74]" classname="org.mozilla.javascript.tests.Bug789277Test" time="0.0"/>
  <testcase name="parserWithIdeErrorReporter_String[74]" classname="org.mozilla.javascript.tests.Bug789277Test" time="0.0"/>
  <testcase name="parserWithIdeErrorReporter_String_IdeMode[74]" classname="org.mozilla.javascript.tests.Bug789277Test" time="0.0"/>
  <testcase name="parserWithErrorReporter_Reader[74]" classname="org.mozilla.javascript.tests.Bug789277Test" time="0.001"/>
  <testcase name="parserWithErrorReporter_String[74]" classname="org.mozilla.javascript.tests.Bug789277Test" time="0.0"/>
  <testcase name="parserWithIdeErrorReporter_Reader_IdeMode[74]" classname="org.mozilla.javascript.tests.Bug789277Test" time="0.0"/>
  <testcase name="parserWithIdeErrorReporter_Reader[75]" classname="org.mozilla.javascript.tests.Bug789277Test" time="0.0"/>
  <testcase name="parserWithIdeErrorReporter_String[75]" classname="org.mozilla.javascript.tests.Bug789277Test" time="0.0"/>
  <testcase name="parserWithIdeErrorReporter_String_IdeMode[75]" classname="org.mozilla.javascript.tests.Bug789277Test" time="0.0"/>
  <testcase name="parserWithErrorReporter_Reader[75]" classname="org.mozilla.javascript.tests.Bug789277Test" time="0.017"/>
  <testcase name="parserWithErrorReporter_String[75]" classname="org.mozilla.javascript.tests.Bug789277Test" time="0.0"/>
  <testcase name="parserWithIdeErrorReporter_Reader_IdeMode[75]" classname="org.mozilla.javascript.tests.Bug789277Test" time="0.001"/>
  <testcase name="parserWithIdeErrorReporter_Reader[76]" classname="org.mozilla.javascript.tests.Bug789277Test" time="0.0"/>
  <testcase name="parserWithIdeErrorReporter_String[76]" classname="org.mozilla.javascript.tests.Bug789277Test" time="0.0"/>
  <testcase name="parserWithIdeErrorReporter_String_IdeMode[76]" classname="org.mozilla.javascript.tests.Bug789277Test" time="0.001"/>
  <testcase name="parserWithErrorReporter_Reader[76]" classname="org.mozilla.javascript.tests.Bug789277Test" time="0.0"/>
  <testcase name="parserWithErrorReporter_String[76]" classname="org.mozilla.javascript.tests.Bug789277Test" time="0.01"/>
  <testcase name="parserWithIdeErrorReporter_Reader_IdeMode[76]" classname="org.mozilla.javascript.tests.Bug789277Test" time="0.0"/>
  <testcase name="parserWithIdeErrorReporter_Reader[77]" classname="org.mozilla.javascript.tests.Bug789277Test" time="0.0"/>
  <testcase name="parserWithIdeErrorReporter_String[77]" classname="org.mozilla.javascript.tests.Bug789277Test" time="0.0"/>
  <testcase name="parserWithIdeErrorReporter_String_IdeMode[77]" classname="org.mozilla.javascript.tests.Bug789277Test" time="0.0"/>
  <testcase name="parserWithErrorReporter_Reader[77]" classname="org.mozilla.javascript.tests.Bug789277Test" time="0.0"/>
  <testcase name="parserWithErrorReporter_String[77]" classname="org.mozilla.javascript.tests.Bug789277Test" time="0.0"/>
  <testcase name="parserWithIdeErrorReporter_Reader_IdeMode[77]" classname="org.mozilla.javascript.tests.Bug789277Test" time="0.0"/>
  <testcase name="parserWithIdeErrorReporter_Reader[78]" classname="org.mozilla.javascript.tests.Bug789277Test" time="0.001"/>
  <testcase name="parserWithIdeErrorReporter_String[78]" classname="org.mozilla.javascript.tests.Bug789277Test" time="0.0"/>
  <testcase name="parserWithIdeErrorReporter_String_IdeMode[78]" classname="org.mozilla.javascript.tests.Bug789277Test" time="0.018"/>
  <testcase name="parserWithErrorReporter_Reader[78]" classname="org.mozilla.javascript.tests.Bug789277Test" time="0.0"/>
  <testcase name="parserWithErrorReporter_String[78]" classname="org.mozilla.javascript.tests.Bug789277Test" time="0.001"/>
  <testcase name="parserWithIdeErrorReporter_Reader_IdeMode[78]" classname="org.mozilla.javascript.tests.Bug789277Test" time="0.0"/>
  <testcase name="parserWithIdeErrorReporter_Reader[79]" classname="org.mozilla.javascript.tests.Bug789277Test" time="0.0"/>
  <testcase name="parserWithIdeErrorReporter_String[79]" classname="org.mozilla.javascript.tests.Bug789277Test" time="0.001"/>
  <testcase name="parserWithIdeErrorReporter_String_IdeMode[79]" classname="org.mozilla.javascript.tests.Bug789277Test" time="0.0"/>
  <testcase name="parserWithErrorReporter_Reader[79]" classname="org.mozilla.javascript.tests.Bug789277Test" time="0.0"/>
  <testcase name="parserWithErrorReporter_String[79]" classname="org.mozilla.javascript.tests.Bug789277Test" time="0.001"/>
  <testcase name="parserWithIdeErrorReporter_Reader_IdeMode[79]" classname="org.mozilla.javascript.tests.Bug789277Test" time="0.0"/>
  <testcase name="parserWithIdeErrorReporter_Reader[80]" classname="org.mozilla.javascript.tests.Bug789277Test" time="0.0"/>
  <testcase name="parserWithIdeErrorReporter_String[80]" classname="org.mozilla.javascript.tests.Bug789277Test" time="0.0"/>
  <testcase name="parserWithIdeErrorReporter_String_IdeMode[80]" classname="org.mozilla.javascript.tests.Bug789277Test" time="0.0"/>
  <testcase name="parserWithErrorReporter_Reader[80]" classname="org.mozilla.javascript.tests.Bug789277Test" time="0.0"/>
  <testcase name="parserWithErrorReporter_String[80]" classname="org.mozilla.javascript.tests.Bug789277Test" time="0.0"/>
  <testcase name="parserWithIdeErrorReporter_Reader_IdeMode[80]" classname="org.mozilla.javascript.tests.Bug789277Test" time="0.001"/>
  <testcase name="parserWithIdeErrorReporter_Reader[81]" classname="org.mozilla.javascript.tests.Bug789277Test" time="0.0"/>
  <testcase name="parserWithIdeErrorReporter_String[81]" classname="org.mozilla.javascript.tests.Bug789277Test" time="0.0"/>
  <testcase name="parserWithIdeErrorReporter_String_IdeMode[81]" classname="org.mozilla.javascript.tests.Bug789277Test" time="0.0"/>
  <testcase name="parserWithErrorReporter_Reader[81]" classname="org.mozilla.javascript.tests.Bug789277Test" time="0.0"/>
  <testcase name="parserWithErrorReporter_String[81]" classname="org.mozilla.javascript.tests.Bug789277Test" time="0.0"/>
  <testcase name="parserWithIdeErrorReporter_Reader_IdeMode[81]" classname="org.mozilla.javascript.tests.Bug789277Test" time="0.0"/>
  <testcase name="parserWithIdeErrorReporter_Reader[82]" classname="org.mozilla.javascript.tests.Bug789277Test" time="0.0"/>
  <testcase name="parserWithIdeErrorReporter_String[82]" classname="org.mozilla.javascript.tests.Bug789277Test" time="0.017"/>
  <testcase name="parserWithIdeErrorReporter_String_IdeMode[82]" classname="org.mozilla.javascript.tests.Bug789277Test" time="0.0"/>
  <testcase name="parserWithErrorReporter_Reader[82]" classname="org.mozilla.javascript.tests.Bug789277Test" time="0.001"/>
  <testcase name="parserWithErrorReporter_String[82]" classname="org.mozilla.javascript.tests.Bug789277Test" time="0.0"/>
  <testcase name="parserWithIdeErrorReporter_Reader_IdeMode[82]" classname="org.mozilla.javascript.tests.Bug789277Test" time="0.0"/>
  <testcase name="parserWithIdeErrorReporter_Reader[83]" classname="org.mozilla.javascript.tests.Bug789277Test" time="0.003"/>
  <testcase name="parserWithIdeErrorReporter_String[83]" classname="org.mozilla.javascript.tests.Bug789277Test" time="0.0"/>
  <testcase name="parserWithIdeErrorReporter_String_IdeMode[83]" classname="org.mozilla.javascript.tests.Bug789277Test" time="0.0"/>
  <testcase name="parserWithErrorReporter_Reader[83]" classname="org.mozilla.javascript.tests.Bug789277Test" time="0.001"/>
  <testcase name="parserWithErrorReporter_String[83]" classname="org.mozilla.javascript.tests.Bug789277Test" time="0.0"/>
  <testcase name="parserWithIdeErrorReporter_Reader_IdeMode[83]" classname="org.mozilla.javascript.tests.Bug789277Test" time="0.0"/>
  <testcase name="parserWithIdeErrorReporter_Reader[84]" classname="org.mozilla.javascript.tests.Bug789277Test" time="0.0"/>
  <testcase name="parserWithIdeErrorReporter_String[84]" classname="org.mozilla.javascript.tests.Bug789277Test" time="0.001"/>
  <testcase name="parserWithIdeErrorReporter_String_IdeMode[84]" classname="org.mozilla.javascript.tests.Bug789277Test" time="0.0"/>
  <testcase name="parserWithErrorReporter_Reader[84]" classname="org.mozilla.javascript.tests.Bug789277Test" time="0.017"/>
  <testcase name="parserWithErrorReporter_String[84]" classname="org.mozilla.javascript.tests.Bug789277Test" time="0.0"/>
  <testcase name="parserWithIdeErrorReporter_Reader_IdeMode[84]" classname="org.mozilla.javascript.tests.Bug789277Test" time="0.009"/>
  <testcase name="parserWithIdeErrorReporter_Reader[85]" classname="org.mozilla.javascript.tests.Bug789277Test" time="0.0"/>
  <testcase name="parserWithIdeErrorReporter_String[85]" classname="org.mozilla.javascript.tests.Bug789277Test" time="0.0"/>
  <testcase name="parserWithIdeErrorReporter_String_IdeMode[85]" classname="org.mozilla.javascript.tests.Bug789277Test" time="0.01"/>
  <testcase name="parserWithErrorReporter_Reader[85]" classname="org.mozilla.javascript.tests.Bug789277Test" time="0.0"/>
  <testcase name="parserWithErrorReporter_String[85]" classname="org.mozilla.javascript.tests.Bug789277Test" time="0.0"/>
  <testcase name="parserWithIdeErrorReporter_Reader_IdeMode[85]" classname="org.mozilla.javascript.tests.Bug789277Test" time="0.0"/>
  <testcase name="parserWithIdeErrorReporter_Reader[86]" classname="org.mozilla.javascript.tests.Bug789277Test" time="0.0"/>
  <testcase name="parserWithIdeErrorReporter_String[86]" classname="org.mozilla.javascript.tests.Bug789277Test" time="0.001"/>
  <testcase name="parserWithIdeErrorReporter_String_IdeMode[86]" classname="org.mozilla.javascript.tests.Bug789277Test" time="0.008"/>
  <testcase name="parserWithErrorReporter_Reader[86]" classname="org.mozilla.javascript.tests.Bug789277Test" time="0.0"/>
  <testcase name="parserWithErrorReporter_String[86]" classname="org.mozilla.javascript.tests.Bug789277Test" time="0.001"/>
  <testcase name="parserWithIdeErrorReporter_Reader_IdeMode[86]" classname="org.mozilla.javascript.tests.Bug789277Test" time="0.0"/>
  <testcase name="parserWithIdeErrorReporter_Reader[87]" classname="org.mozilla.javascript.tests.Bug789277Test" time="0.0"/>
  <testcase name="parserWithIdeErrorReporter_String[87]" classname="org.mozilla.javascript.tests.Bug789277Test" time="0.0"/>
  <testcase name="parserWithIdeErrorReporter_String_IdeMode[87]" classname="org.mozilla.javascript.tests.Bug789277Test" time="0.001"/>
  <testcase name="parserWithErrorReporter_Reader[87]" classname="org.mozilla.javascript.tests.Bug789277Test" time="0.0"/>
  <testcase name="parserWithErrorReporter_String[87]" classname="org.mozilla.javascript.tests.Bug789277Test" time="0.0"/>
  <testcase name="parserWithIdeErrorReporter_Reader_IdeMode[87]" classname="org.mozilla.javascript.tests.Bug789277Test" time="0.0"/>
  <testcase name="parserWithIdeErrorReporter_Reader[88]" classname="org.mozilla.javascript.tests.Bug789277Test" time="0.001"/>
  <testcase name="parserWithIdeErrorReporter_String[88]" classname="org.mozilla.javascript.tests.Bug789277Test" time="0.0"/>
  <testcase name="parserWithIdeErrorReporter_String_IdeMode[88]" classname="org.mozilla.javascript.tests.Bug789277Test" time="0.0"/>
  <testcase name="parserWithErrorReporter_Reader[88]" classname="org.mozilla.javascript.tests.Bug789277Test" time="0.0"/>
  <testcase name="parserWithErrorReporter_String[88]" classname="org.mozilla.javascript.tests.Bug789277Test" time="0.0"/>
  <testcase name="parserWithIdeErrorReporter_Reader_IdeMode[88]" classname="org.mozilla.javascript.tests.Bug789277Test" time="0.0"/>
  <testcase name="parserWithIdeErrorReporter_Reader[89]" classname="org.mozilla.javascript.tests.Bug789277Test" time="0.0"/>
  <testcase name="parserWithIdeErrorReporter_String[89]" classname="org.mozilla.javascript.tests.Bug789277Test" time="0.0"/>
  <testcase name="parserWithIdeErrorReporter_String_IdeMode[89]" classname="org.mozilla.javascript.tests.Bug789277Test" time="0.0"/>
  <testcase name="parserWithErrorReporter_Reader[89]" classname="org.mozilla.javascript.tests.Bug789277Test" time="0.0"/>
  <testcase name="parserWithErrorReporter_String[89]" classname="org.mozilla.javascript.tests.Bug789277Test" time="0.0"/>
  <testcase name="parserWithIdeErrorReporter_Reader_IdeMode[89]" classname="org.mozilla.javascript.tests.Bug789277Test" time="0.0"/>
  <testcase name="parserWithIdeErrorReporter_Reader[90]" classname="org.mozilla.javascript.tests.Bug789277Test" time="0.0"/>
  <testcase name="parserWithIdeErrorReporter_String[90]" classname="org.mozilla.javascript.tests.Bug789277Test" time="0.0"/>
  <testcase name="parserWithIdeErrorReporter_String_IdeMode[90]" classname="org.mozilla.javascript.tests.Bug789277Test" time="0.0"/>
  <testcase name="parserWithErrorReporter_Reader[90]" classname="org.mozilla.javascript.tests.Bug789277Test" time="0.0"/>
  <testcase name="parserWithErrorReporter_String[90]" classname="org.mozilla.javascript.tests.Bug789277Test" time="0.001"/>
  <testcase name="parserWithIdeErrorReporter_Reader_IdeMode[90]" classname="org.mozilla.javascript.tests.Bug789277Test" time="0.0"/>
  <testcase name="parserWithIdeErrorReporter_Reader[91]" classname="org.mozilla.javascript.tests.Bug789277Test" time="0.0"/>
  <testcase name="parserWithIdeErrorReporter_String[91]" classname="org.mozilla.javascript.tests.Bug789277Test" time="0.0"/>
  <testcase name="parserWithIdeErrorReporter_String_IdeMode[91]" classname="org.mozilla.javascript.tests.Bug789277Test" time="0.0"/>
  <testcase name="parserWithErrorReporter_Reader[91]" classname="org.mozilla.javascript.tests.Bug789277Test" time="0.0"/>
  <testcase name="parserWithErrorReporter_String[91]" classname="org.mozilla.javascript.tests.Bug789277Test" time="0.0"/>
  <testcase name="parserWithIdeErrorReporter_Reader_IdeMode[91]" classname="org.mozilla.javascript.tests.Bug789277Test" time="0.0"/>
  <testcase name="parserWithIdeErrorReporter_Reader[92]" classname="org.mozilla.javascript.tests.Bug789277Test" time="0.001"/>
  <testcase name="parserWithIdeErrorReporter_String[92]" classname="org.mozilla.javascript.tests.Bug789277Test" time="0.0"/>
  <testcase name="parserWithIdeErrorReporter_String_IdeMode[92]" classname="org.mozilla.javascript.tests.Bug789277Test" time="0.0"/>
  <testcase name="parserWithErrorReporter_Reader[92]" classname="org.mozilla.javascript.tests.Bug789277Test" time="0.0"/>
  <testcase name="parserWithErrorReporter_String[92]" classname="org.mozilla.javascript.tests.Bug789277Test" time="0.0"/>
  <testcase name="parserWithIdeErrorReporter_Reader_IdeMode[92]" classname="org.mozilla.javascript.tests.Bug789277Test" time="0.0"/>
  <testcase name="parserWithIdeErrorReporter_Reader[93]" classname="org.mozilla.javascript.tests.Bug789277Test" time="0.001"/>
  <testcase name="parserWithIdeErrorReporter_String[93]" classname="org.mozilla.javascript.tests.Bug789277Test" time="0.014"/>
  <testcase name="parserWithIdeErrorReporter_String_IdeMode[93]" classname="org.mozilla.javascript.tests.Bug789277Test" time="0.0"/>
  <testcase name="parserWithErrorReporter_Reader[93]" classname="org.mozilla.javascript.tests.Bug789277Test" time="0.0"/>
  <testcase name="parserWithErrorReporter_String[93]" classname="org.mozilla.javascript.tests.Bug789277Test" time="0.0"/>
  <testcase name="parserWithIdeErrorReporter_Reader_IdeMode[93]" classname="org.mozilla.javascript.tests.Bug789277Test" time="0.0"/>
  <testcase name="parserWithIdeErrorReporter_Reader[94]" classname="org.mozilla.javascript.tests.Bug789277Test" time="0.001"/>
  <testcase name="parserWithIdeErrorReporter_String[94]" classname="org.mozilla.javascript.tests.Bug789277Test" time="0.0"/>
  <testcase name="parserWithIdeErrorReporter_String_IdeMode[94]" classname="org.mozilla.javascript.tests.Bug789277Test" time="0.0"/>
  <testcase name="parserWithErrorReporter_Reader[94]" classname="org.mozilla.javascript.tests.Bug789277Test" time="0.0"/>
  <testcase name="parserWithErrorReporter_String[94]" classname="org.mozilla.javascript.tests.Bug789277Test" time="0.001"/>
  <testcase name="parserWithIdeErrorReporter_Reader_IdeMode[94]" classname="org.mozilla.javascript.tests.Bug789277Test" time="0.002"/>
  <testcase name="parserWithIdeErrorReporter_Reader[95]" classname="org.mozilla.javascript.tests.Bug789277Test" time="0.004"/>
  <testcase name="parserWithIdeErrorReporter_String[95]" classname="org.mozilla.javascript.tests.Bug789277Test" time="0.0"/>
  <testcase name="parserWithIdeErrorReporter_String_IdeMode[95]" classname="org.mozilla.javascript.tests.Bug789277Test" time="0.0"/>
  <testcase name="parserWithErrorReporter_Reader[95]" classname="org.mozilla.javascript.tests.Bug789277Test" time="0.0"/>
  <testcase name="parserWithErrorReporter_String[95]" classname="org.mozilla.javascript.tests.Bug789277Test" time="0.0"/>
  <testcase name="parserWithIdeErrorReporter_Reader_IdeMode[95]" classname="org.mozilla.javascript.tests.Bug789277Test" time="0.001"/>
  <testcase name="parserWithIdeErrorReporter_Reader[96]" classname="org.mozilla.javascript.tests.Bug789277Test" time="0.009"/>
  <testcase name="parserWithIdeErrorReporter_String[96]" classname="org.mozilla.javascript.tests.Bug789277Test" time="0.0"/>
  <testcase name="parserWithIdeErrorReporter_String_IdeMode[96]" classname="org.mozilla.javascript.tests.Bug789277Test" time="0.001"/>
  <testcase name="parserWithErrorReporter_Reader[96]" classname="org.mozilla.javascript.tests.Bug789277Test" time="0.0"/>
  <testcase name="parserWithErrorReporter_String[96]" classname="org.mozilla.javascript.tests.Bug789277Test" time="0.0"/>
  <testcase name="parserWithIdeErrorReporter_Reader_IdeMode[96]" classname="org.mozilla.javascript.tests.Bug789277Test" time="0.0"/>
  <testcase name="parserWithIdeErrorReporter_Reader[97]" classname="org.mozilla.javascript.tests.Bug789277Test" time="0.0"/>
  <testcase name="parserWithIdeErrorReporter_String[97]" classname="org.mozilla.javascript.tests.Bug789277Test" time="0.0"/>
  <testcase name="parserWithIdeErrorReporter_String_IdeMode[97]" classname="org.mozilla.javascript.tests.Bug789277Test" time="0.0"/>
  <testcase name="parserWithErrorReporter_Reader[97]" classname="org.mozilla.javascript.tests.Bug789277Test" time="0.0"/>
  <testcase name="parserWithErrorReporter_String[97]" classname="org.mozilla.javascript.tests.Bug789277Test" time="0.0"/>
  <testcase name="parserWithIdeErrorReporter_Reader_IdeMode[97]" classname="org.mozilla.javascript.tests.Bug789277Test" time="0.001"/>
  <testcase name="parserWithIdeErrorReporter_Reader[98]" classname="org.mozilla.javascript.tests.Bug789277Test" time="0.026"/>
  <testcase name="parserWithIdeErrorReporter_String[98]" classname="org.mozilla.javascript.tests.Bug789277Test" time="0.001"/>
  <testcase name="parserWithIdeErrorReporter_String_IdeMode[98]" classname="org.mozilla.javascript.tests.Bug789277Test" time="0.0"/>
  <testcase name="parserWithErrorReporter_Reader[98]" classname="org.mozilla.javascript.tests.Bug789277Test" time="0.001"/>
  <testcase name="parserWithErrorReporter_String[98]" classname="org.mozilla.javascript.tests.Bug789277Test" time="0.0"/>
  <testcase name="parserWithIdeErrorReporter_Reader_IdeMode[98]" classname="org.mozilla.javascript.tests.Bug789277Test" time="0.0"/>
  <testcase name="parserWithIdeErrorReporter_Reader[99]" classname="org.mozilla.javascript.tests.Bug789277Test" time="0.0"/>
  <testcase name="parserWithIdeErrorReporter_String[99]" classname="org.mozilla.javascript.tests.Bug789277Test" time="0.0"/>
  <testcase name="parserWithIdeErrorReporter_String_IdeMode[99]" classname="org.mozilla.javascript.tests.Bug789277Test" time="0.0"/>
  <testcase name="parserWithErrorReporter_Reader[99]" classname="org.mozilla.javascript.tests.Bug789277Test" time="0.0"/>
  <testcase name="parserWithErrorReporter_String[99]" classname="org.mozilla.javascript.tests.Bug789277Test" time="0.0"/>
  <testcase name="parserWithIdeErrorReporter_Reader_IdeMode[99]" classname="org.mozilla.javascript.tests.Bug789277Test" time="0.006"/>
  <testcase name="parserWithIdeErrorReporter_Reader[100]" classname="org.mozilla.javascript.tests.Bug789277Test" time="0.0"/>
  <testcase name="parserWithIdeErrorReporter_String[100]" classname="org.mozilla.javascript.tests.Bug789277Test" time="0.0"/>
  <testcase name="parserWithIdeErrorReporter_String_IdeMode[100]" classname="org.mozilla.javascript.tests.Bug789277Test" time="0.0"/>
  <testcase name="parserWithErrorReporter_Reader[100]" classname="org.mozilla.javascript.tests.Bug789277Test" time="0.0"/>
  <testcase name="parserWithErrorReporter_String[100]" classname="org.mozilla.javascript.tests.Bug789277Test" time="0.0"/>
  <testcase name="parserWithIdeErrorReporter_Reader_IdeMode[100]" classname="org.mozilla.javascript.tests.Bug789277Test" time="0.001"/>
  <testcase name="parserWithIdeErrorReporter_Reader[101]" classname="org.mozilla.javascript.tests.Bug789277Test" time="0.0"/>
  <testcase name="parserWithIdeErrorReporter_String[101]" classname="org.mozilla.javascript.tests.Bug789277Test" time="0.0"/>
  <testcase name="parserWithIdeErrorReporter_String_IdeMode[101]" classname="org.mozilla.javascript.tests.Bug789277Test" time="0.002"/>
  <testcase name="parserWithErrorReporter_Reader[101]" classname="org.mozilla.javascript.tests.Bug789277Test" time="0.0"/>
  <testcase name="parserWithErrorReporter_String[101]" classname="org.mozilla.javascript.tests.Bug789277Test" time="0.007"/>
  <testcase name="parserWithIdeErrorReporter_Reader_IdeMode[101]" classname="org.mozilla.javascript.tests.Bug789277Test" time="0.0"/>
  <testcase name="parserWithIdeErrorReporter_Reader[102]" classname="org.mozilla.javascript.tests.Bug789277Test" time="0.0"/>
  <testcase name="parserWithIdeErrorReporter_String[102]" classname="org.mozilla.javascript.tests.Bug789277Test" time="0.001"/>
  <testcase name="parserWithIdeErrorReporter_String_IdeMode[102]" classname="org.mozilla.javascript.tests.Bug789277Test" time="0.0"/>
  <testcase name="parserWithErrorReporter_Reader[102]" classname="org.mozilla.javascript.tests.Bug789277Test" time="0.0"/>
  <testcase name="parserWithErrorReporter_String[102]" classname="org.mozilla.javascript.tests.Bug789277Test" time="0.001"/>
  <testcase name="parserWithIdeErrorReporter_Reader_IdeMode[102]" classname="org.mozilla.javascript.tests.Bug789277Test" time="0.055"/>
  <testcase name="parserWithIdeErrorReporter_Reader[103]" classname="org.mozilla.javascript.tests.Bug789277Test" time="0.001"/>
  <testcase name="parserWithIdeErrorReporter_String[103]" classname="org.mozilla.javascript.tests.Bug789277Test" time="0.0"/>
  <testcase name="parserWithIdeErrorReporter_String_IdeMode[103]" classname="org.mozilla.javascript.tests.Bug789277Test" time="0.03"/>
  <testcase name="parserWithErrorReporter_Reader[103]" classname="org.mozilla.javascript.tests.Bug789277Test" time="0.0"/>
  <testcase name="parserWithErrorReporter_String[103]" classname="org.mozilla.javascript.tests.Bug789277Test" time="0.0"/>
  <testcase name="parserWithIdeErrorReporter_Reader_IdeMode[103]" classname="org.mozilla.javascript.tests.Bug789277Test" time="0.0"/>
  <testcase name="parserWithIdeErrorReporter_Reader[104]" classname="org.mozilla.javascript.tests.Bug789277Test" time="0.0"/>
  <testcase name="parserWithIdeErrorReporter_String[104]" classname="org.mozilla.javascript.tests.Bug789277Test" time="0.0"/>
[...]
  <testcase name="parserWithIdeErrorReporter_String[106]" classname="org.mozilla.javascript.tests.Bug789277Test" time="0.0"/>
  <testcase name="parserWithIdeErrorReporter_String_IdeMode[106]" classname="org.mozilla.javascript.tests.Bug789277Test" time="0.0"/>
  <testcase name="parserWithErrorReporter_Reader[106]" classname="org.mozilla.javascript.tests.Bug789277Test" time="0.0"/>
  <testcase name="parserWithErrorReporter_String[106]" classname="org.mozilla.javascript.tests.Bug789277Test" time="0.0"/>
  <testcase name="parserWithIdeErrorReporter_Reader_IdeMode[106]" classname="org.mozilla.javascript.tests.Bug789277Test" time="0.0"/>
  <testcase name="parserWithIdeErrorReporter_Reader[107]" classname="org.mozilla.javascript.tests.Bug789277Test" time="0.001"/>
  <testcase name="parserWithIdeErrorReporter_String[107]" classname="org.mozilla.javascript.tests.Bug789277Test" time="0.0"/>
  <testcase name="parserWithIdeErrorReporter_String_IdeMode[107]" classname="org.mozilla.javascript.tests.Bug789277Test" time="0.0"/>
  <testcase name="parserWithErrorReporter_Reader[107]" classname="org.mozilla.javascript.tests.Bug789277Test" time="0.0"/>
  <testcase name="parserWithErrorReporter_String[107]" classname="org.mozilla.javascript.tests.Bug789277Test" time="0.0"/>
  <testcase name="parserWithIdeErrorReporter_Reader_IdeMode[107]" classname="org.mozilla.javascript.tests.Bug789277Test" time="0.0"/>
  <testcase name="parserWithIdeErrorReporter_Reader[108]" classname="org.mozilla.javascript.tests.Bug789277Test" time="0.0"/>
  <testcase name="parserWithIdeErrorReporter_String[108]" classname="org.mozilla.javascript.tests.Bug789277Test" time="0.001"/>
  <testcase name="parserWithIdeErrorReporter_String_IdeMode[108]" classname="org.mozilla.javascript.tests.Bug789277Test" time="0.0"/>
  <testcase name="parserWithErrorReporter_Reader[108]" classname="org.mozilla.javascript.tests.Bug789277Test" time="0.0"/>
  <testcase name="parserWithErrorReporter_String[108]" classname="org.mozilla.javascript.tests.Bug789277Test" time="0.0"/>
  <testcase name="parserWithIdeErrorReporter_Reader_IdeMode[108]" classname="org.mozilla.javascript.tests.Bug789277Test" time="0.0"/>
  <testcase name="parserWithIdeErrorReporter_Reader[109]" classname="org.mozilla.javascript.tests.Bug789277Test" time="0.0"/>
  <testcase name="parserWithIdeErrorReporter_String[109]" classname="org.mozilla.javascript.tests.Bug789277Test" time="0.0"/>
  <testcase name="parserWithIdeErrorReporter_String_IdeMode[109]" classname="org.mozilla.javascript.tests.Bug789277Test" time="0.0"/>
  <testcase name="parserWithErrorReporter_Reader[109]" classname="org.mozilla.javascript.tests.Bug789277Test" time="0.001"/>
  <testcase name="parserWithErrorReporter_String[109]" classname="org.mozilla.javascript.tests.Bug789277Test" time="0.0"/>
  <testcase name="parserWithIdeErrorReporter_Reader_IdeMode[109]" classname="org.mozilla.javascript.tests.Bug789277Test" time="0.0"/>
  <testcase name="parserWithIdeErrorReporter_Reader[110]" classname="org.mozilla.javascript.tests.Bug789277Test" time="0.0"/>
  <testcase name="parserWithIdeErrorReporter_String[110]" classname="org.mozilla.javascript.tests.Bug789277Test" time="0.0"/>
  <testcase name="parserWithIdeErrorReporter_String_IdeMode[110]" classname="org.mozilla.javascript.tests.Bug789277Test" time="0.0"/>
  <testcase name="parserWithErrorReporter_Reader[110]" classname="org.mozilla.javascript.tests.Bug789277Test" time="0.0"/>
  <testcase name="parserWithErrorReporter_String[110]" classname="org.mozilla.javascript.tests.Bug789277Test" time="0.0"/>
  <testcase name="parserWithIdeErrorReporter_Reader_IdeMode[110]" classname="org.mozilla.javascript.tests.Bug789277Test" time="0.0"/>
  <testcase name="parserWithIdeErrorReporter_Reader[111]" classname="org.mozilla.javascript.tests.Bug789277Test" time="0.0"/>
  <testcase name="parserWithIdeErrorReporter_String[111]" classname="org.mozilla.javascript.tests.Bug789277Test" time="0.0"/>
  <testcase name="parserWithIdeErrorReporter_String_IdeMode[111]" classname="org.mozilla.javascript.tests.Bug789277Test" time="0.0"/>
  <testcase name="parserWithErrorReporter_Reader[111]" classname="org.mozilla.javascript.tests.Bug789277Test" time="0.0"/>
  <testcase name="parserWithErrorReporter_String[111]" classname="org.mozilla.javascript.tests.Bug789277Test" time="0.0"/>
  <testcase name="parserWithIdeErrorReporter_Reader_IdeMode[111]" classname="org.mozilla.javascript.tests.Bug789277Test" time="0.0"/>
  <testcase name="parserWithIdeErrorReporter_Reader[112]" classname="org.mozilla.javascript.tests.Bug789277Test" time="0.0"/>
  <testcase name="parserWithIdeErrorReporter_String[112]" classname="org.mozilla.javascript.tests.Bug789277Test" time="0.0"/>
  <testcase name="parserWithIdeErrorReporter_String_IdeMode[112]" classname="org.mozilla.javascript.tests.Bug789277Test" time="0.0"/>
  <testcase name="parserWithErrorReporter_Reader[112]" classname="org.mozilla.javascript.tests.Bug789277Test" time="0.0"/>
  <testcase name="parserWithErrorReporter_String[112]" classname="org.mozilla.javascript.tests.Bug789277Test" time="0.0"/>
  <testcase name="parserWithIdeErrorReporter_Reader_IdeMode[112]" classname="org.mozilla.javascript.tests.Bug789277Test" time="0.0"/>
  <testcase name="parserWithIdeErrorReporter_Reader[113]" classname="org.mozilla.javascript.tests.Bug789277Test" time="0.0"/>
  <testcase name="parserWithIdeErrorReporter_String[113]" classname="org.mozilla.javascript.tests.Bug789277Test" time="0.0"/>
  <testcase name="parserWithIdeErrorReporter_String_IdeMode[113]" classname="org.mozilla.javascript.tests.Bug789277Test" time="0.001"/>
  <testcase name="parserWithErrorReporter_Reader[113]" classname="org.mozilla.javascript.tests.Bug789277Test" time="0.0"/>
  <testcase name="parserWithErrorReporter_String[113]" classname="org.mozilla.javascript.tests.Bug789277Test" time="0.0"/>
  <testcase name="parserWithIdeErrorReporter_Reader_IdeMode[113]" classname="org.mozilla.javascript.tests.Bug789277Test" time="0.0"/>
  <testcase name="parserWithIdeErrorReporter_Reader[114]" classname="org.mozilla.javascript.tests.Bug789277Test" time="0.0"/>
  <testcase name="parserWithIdeErrorReporter_String[114]" classname="org.mozilla.javascript.tests.Bug789277Test" time="0.0"/>
  <testcase name="parserWithIdeErrorReporter_String_IdeMode[114]" classname="org.mozilla.javascript.tests.Bug789277Test" time="0.0"/>
  <testcase name="parserWithErrorReporter_Reader[114]" classname="org.mozilla.javascript.tests.Bug789277Test" time="0.055"/>
  <testcase name="parserWithErrorReporter_String[114]" classname="org.mozilla.javascript.tests.Bug789277Test" time="0.0"/>
  <testcase name="parserWithIdeErrorReporter_Reader_IdeMode[114]" classname="org.mozilla.javascript.tests.Bug789277Test" time="0.0"/>
  <testcase name="parserWithIdeErrorReporter_Reader[115]" classname="org.mozilla.javascript.tests.Bug789277Test" time="0.0"/>
  <testcase name="parserWithIdeErrorReporter_String[115]" classname="org.mozilla.javascript.tests.Bug789277Test" time="0.0"/>
  <testcase name="parserWithIdeErrorReporter_String_IdeMode[115]" classname="org.mozilla.javascript.tests.Bug789277Test" time="0.0"/>
  <testcase name="parserWithErrorReporter_Reader[115]" classname="org.mozilla.javascript.tests.Bug789277Test" time="0.0"/>
  <testcase name="parserWithErrorReporter_String[115]" classname="org.mozilla.javascript.tests.Bug789277Test" time="0.0"/>
  <testcase name="parserWithIdeErrorReporter_Reader_IdeMode[115]" classname="org.mozilla.javascript.tests.Bug789277Test" time="0.0"/>
  <testcase name="parserWithIdeErrorReporter_Reader[116]" classname="org.mozilla.javascript.tests.Bug789277Test" time="0.001"/>
  <testcase name="parserWithIdeErrorReporter_String[116]" classname="org.mozilla.javascript.tests.Bug789277Test" time="0.0"/>
  <testcase name="parserWithIdeErrorReporter_String_IdeMode[116]" classname="org.mozilla.javascript.tests.Bug789277Test" time="0.0"/>
  <testcase name="parserWithErrorReporter_Reader[116]" classname="org.mozilla.javascript.tests.Bug789277Test" time="0.0"/>
  <testcase name="parserWithErrorReporter_String[116]" classname="org.mozilla.javascript.tests.Bug789277Test" time="0.0"/>
  <testcase name="parserWithIdeErrorReporter_Reader_IdeMode[116]" classname="org.mozilla.javascript.tests.Bug789277Test" time="0.0"/>
  <testcase name="parserWithIdeErrorReporter_Reader[117]" classname="org.mozilla.javascript.tests.Bug789277Test" time="0.0"/>
  <testcase name="parserWithIdeErrorReporter_String[117]" classname="org.mozilla.javascript.tests.Bug789277Test" time="0.0"/>
  <testcase name="parserWithIdeErrorReporter_String_IdeMode[117]" classname="org.mozilla.javascript.tests.Bug789277Test" time="0.001"/>
  <testcase name="parserWithErrorReporter_Reader[117]" classname="org.mozilla.javascript.tests.Bug789277Test" time="0.0"/>
  <testcase name="parserWithErrorReporter_String[117]" classname="org.mozilla.javascript.tests.Bug789277Test" time="0.0"/>
  <testcase name="parserWithIdeErrorReporter_Reader_IdeMode[117]" classname="org.mozilla.javascript.tests.Bug789277Test" time="0.0"/>
  <testcase name="parserWithIdeErrorReporter_Reader[118]" classname="org.mozilla.javascript.tests.Bug789277Test" time="0.0"/>
  <testcase name="parserWithIdeErrorReporter_String[118]" classname="org.mozilla.javascript.tests.Bug789277Test" time="0.0"/>
  <testcase name="parserWithIdeErrorReporter_String_IdeMode[118]" classname="org.mozilla.javascript.tests.Bug789277Test" time="0.0"/>
  <testcase name="parserWithErrorReporter_Reader[118]" classname="org.mozilla.javascript.tests.Bug789277Test" time="0.0"/>
  <testcase name="parserWithErrorReporter_String[118]" classname="org.mozilla.javascript.tests.Bug789277Test" time="0.0"/>
  <testcase name="parserWithIdeErrorReporter_Reader_IdeMode[118]" classname="org.mozilla.javascript.tests.Bug789277Test" time="0.0"/>
  <testcase name="parserWithIdeErrorReporter_Reader[119]" classname="org.mozilla.javascript.tests.Bug789277Test" time="0.0"/>
  <testcase name="parserWithIdeErrorReporter_String[119]" classname="org.mozilla.javascript.tests.Bug789277Test" time="0.0"/>
  <testcase name="parserWithIdeErrorReporter_String_IdeMode[119]" classname="org.mozilla.javascript.tests.Bug789277Test" time="0.0"/>
  <testcase name="parserWithErrorReporter_Reader[119]" classname="org.mozilla.javascript.tests.Bug789277Test" time="0.0"/>
  <testcase name="parserWithErrorReporter_String[119]" classname="org.mozilla.javascript.tests.Bug789277Test" time="0.001"/>
  <testcase name="parserWithIdeErrorReporter_Reader_IdeMode[119]" classname="org.mozilla.javascript.tests.Bug789277Test" time="0.0"/>
  <testcase name="parserWithIdeErrorReporter_Reader[120]" classname="org.mozilla.javascript.tests.Bug789277Test" time="0.0"/>
  <testcase name="parserWithIdeErrorReporter_String[120]" classname="org.mozilla.javascript.tests.Bug789277Test" time="0.0"/>
  <testcase name="parserWithIdeErrorReporter_String_IdeMode[120]" classname="org.mozilla.javascript.tests.Bug789277Test" time="0.0"/>
  <testcase name="parserWithErrorReporter_Reader[120]" classname="org.mozilla.javascript.tests.Bug789277Test" time="0.0"/>
  <testcase name="parserWithErrorReporter_String[120]" classname="org.mozilla.javascript.tests.Bug789277Test" time="0.0"/>
  <testcase name="parserWithIdeErrorReporter_Reader_IdeMode[120]" classname="org.mozilla.javascript.tests.Bug789277Test" time="0.0"/>
  <testcase name="parserWithIdeErrorReporter_Reader[121]" classname="org.mozilla.javascript.tests.Bug789277Test" time="0.06"/>
  <testcase name="parserWithIdeErrorReporter_String[121]" classname="org.mozilla.javascript.tests.Bug789277Test" time="0.0"/>
  <testcase name="parserWithIdeErrorReporter_String_IdeMode[121]" classname="org.mozilla.javascript.tests.Bug789277Test" time="0.0"/>
  <testcase name="parserWithErrorReporter_Reader[121]" classname="org.mozilla.javascript.tests.Bug789277Test" time="0.001"/>
  <testcase name="parserWithErrorReporter_String[121]" classname="org.mozilla.javascript.tests.Bug789277Test" time="0.008"/>
  <testcase name="parserWithIdeErrorReporter_Reader_IdeMode[121]" classname="org.mozilla.javascript.tests.Bug789277Test" time="0.001"/>
  <testcase name="parserWithIdeErrorReporter_Reader[122]" classname="org.mozilla.javascript.tests.Bug789277Test" time="0.0"/>
  <testcase name="parserWithIdeErrorReporter_String[122]" classname="org.mozilla.javascript.tests.Bug789277Test" time="0.0"/>
  <testcase name="parserWithIdeErrorReporter_String_IdeMode[122]" classname="org.mozilla.javascript.tests.Bug789277Test" time="0.0"/>
  <testcase name="parserWithErrorReporter_Reader[122]" classname="org.mozilla.javascript.tests.Bug789277Test" time="0.0"/>
  <testcase name="parserWithErrorReporter_String[122]" classname="org.mozilla.javascript.tests.Bug789277Test" time="0.0"/>
  <testcase name="parserWithIdeErrorReporter_Reader_IdeMode[122]" classname="org.mozilla.javascript.tests.Bug789277Test" time="0.0"/>
  <testcase name="parserWithIdeErrorReporter_Reader[123]" classname="org.mozilla.javascript.tests.Bug789277Test" time="0.0"/>
  <testcase name="parserWithIdeErrorReporter_String[123]" classname="org.mozilla.javascript.tests.Bug789277Test" time="0.0"/>
  <testcase name="parserWithIdeErrorReporter_String_IdeMode[123]" classname="org.mozilla.javascript.tests.Bug789277Test" time="0.0"/>
  <testcase name="parserWithErrorReporter_Reader[123]" classname="org.mozilla.javascript.tests.Bug789277Test" time="0.0"/>
  <testcase name="parserWithErrorReporter_String[123]" classname="org.mozilla.javascript.tests.Bug789277Test" time="0.0"/>
  <testcase name="parserWithIdeErrorReporter_Reader_IdeMode[123]" classname="org.mozilla.javascript.tests.Bug789277Test" time="0.0"/>
  <testcase name="parserWithIdeErrorReporter_Reader[124]" classname="org.mozilla.javascript.tests.Bug789277Test" time="0.001"/>
  <testcase name="parserWithIdeErrorReporter_String[124]" classname="org.mozilla.javascript.tests.Bug789277Test" time="0.0"/>
  <testcase name="parserWithIdeErrorReporter_String_IdeMode[124]" classname="org.mozilla.javascript.tests.Bug789277Test" time="0.0"/>
  <testcase name="parserWithErrorReporter_Reader[124]" classname="org.mozilla.javascript.tests.Bug789277Test" time="0.0"/>
  <testcase name="parserWithErrorReporter_String[124]" classname="org.mozilla.javascript.tests.Bug789277Test" time="0.0"/>
  <testcase name="parserWithIdeErrorReporter_Reader_IdeMode[124]" classname="org.mozilla.javascript.tests.Bug789277Test" time="0.0"/>
  <testcase name="parserWithIdeErrorReporter_Reader[125]" classname="org.mozilla.javascript.tests.Bug789277Test" time="0.0"/>
  <testcase name="parserWithIdeErrorReporter_String[125]" classname="org.mozilla.javascript.tests.Bug789277Test" time="0.001"/>
  <testcase name="parserWithIdeErrorReporter_String_IdeMode[125]" classname="org.mozilla.javascript.tests.Bug789277Test" time="0.0"/>
  <testcase name="parserWithErrorReporter_Reader[125]" classname="org.mozilla.javascript.tests.Bug789277Test" time="0.0"/>
  <testcase name="parserWithErrorReporter_String[125]" classname="org.mozilla.javascript.tests.Bug789277Test" time="0.001"/>
  <testcase name="parserWithIdeErrorReporter_Reader_IdeMode[125]" classname="org.mozilla.javascript.tests.Bug789277Test" time="0.0"/>
  <testcase name="parserWithIdeErrorReporter_Reader[126]" classname="org.mozilla.javascript.tests.Bug789277Test" time="0.091"/>
  <testcase name="parserWithIdeErrorReporter_String[126]" classname="org.mozilla.javascript.tests.Bug789277Test" time="0.0"/>
  <testcase name="parserWithIdeErrorReporter_String_IdeMode[126]" classname="org.mozilla.javascript.tests.Bug789277Test" time="0.001"/>
  <testcase name="parserWithErrorReporter_Reader[126]" classname="org.mozilla.javascript.tests.Bug789277Test" time="0.0"/>
  <testcase name="parserWithErrorReporter_String[126]" classname="org.mozilla.javascript.tests.Bug789277Test" time="0.001"/>
  <testcase name="parserWithIdeErrorReporter_Reader_IdeMode[126]" classname="org.mozilla.javascript.tests.Bug789277Test" time="0.0"/>
  <testcase name="parserWithIdeErrorReporter_Reader[127]" classname="org.mozilla.javascript.tests.Bug789277Test" time="0.001"/>
  <testcase name="parserWithIdeErrorReporter_String[127]" classname="org.mozilla.javascript.tests.Bug789277Test" time="0.0"/>
  <testcase name="parserWithIdeErrorReporter_String_IdeMode[127]" classname="org.mozilla.javascript.tests.Bug789277Test" time="0.011"/>
  <testcase name="parserWithErrorReporter_Reader[127]" classname="org.mozilla.javascript.tests.Bug789277Test" time="0.0"/>
  <testcase name="parserWithErrorReporter_String[127]" classname="org.mozilla.javascript.tests.Bug789277Test" time="0.0"/>
  <testcase name="parserWithIdeErrorReporter_Reader_IdeMode[127]" classname="org.mozilla.javascript.tests.Bug789277Test" time="0.0"/>
  <testcase name="parserWithIdeErrorReporter_Reader[128]" classname="org.mozilla.javascript.tests.Bug789277Test" time="0.0"/>
  <testcase name="parserWithIdeErrorReporter_String[128]" classname="org.mozilla.javascript.tests.Bug789277Test" time="0.0"/>
  <testcase name="parserWithIdeErrorReporter_String_IdeMode[128]" classname="org.mozilla.javascript.tests.Bug789277Test" time="0.001"/>
  <testcase name="parserWithErrorReporter_Reader[128]" classname="org.mozilla.javascript.tests.Bug789277Test" time="0.0"/>
  <testcase name="parserWithErrorReporter_String[128]" classname="org.mozilla.javascript.tests.Bug789277Test" time="0.0"/>
  <testcase name="parserWithIdeErrorReporter_Reader_IdeMode[128]" classname="org.mozilla.javascript.tests.Bug789277Test" time="0.0"/>
  <testcase name="parserWithIdeErrorReporter_Reader[129]" classname="org.mozilla.javascript.tests.Bug789277Test" time="0.0"/>
  <testcase name="parserWithIdeErrorReporter_String[129]" classname="org.mozilla.javascript.tests.Bug789277Test" time="0.001"/>
  <testcase name="parserWithIdeErrorReporter_String_IdeMode[129]" classname="org.mozilla.javascript.tests.Bug789277Test" time="0.001"/>
  <testcase name="parserWithErrorReporter_Reader[129]" classname="org.mozilla.javascript.tests.Bug789277Test" time="0.0"/>
  <testcase name="parserWithErrorReporter_String[129]" classname="org.mozilla.javascript.tests.Bug789277Test" time="0.0"/>
  <testcase name="parserWithIdeErrorReporter_Reader_IdeMode[129]" classname="org.mozilla.javascript.tests.Bug789277Test" time="0.0"/>
  <testcase name="parserWithIdeErrorReporter_Reader[130]" classname="org.mozilla.javascript.tests.Bug789277Test" time="0.0"/>
  <testcase name="parserWithIdeErrorReporter_String[130]" classname="org.mozilla.javascript.tests.Bug789277Test" time="0.0"/>
  <testcase name="parserWithIdeErrorReporter_String_IdeMode[130]" classname="org.mozilla.javascript.tests.Bug789277Test" time="0.0"/>
  <testcase name="parserWithErrorReporter_Reader[130]" classname="org.mozilla.javascript.tests.Bug789277Test" time="0.001"/>
  <testcase name="parserWithErrorReporter_String[130]" classname="org.mozilla.javascript.tests.Bug789277Test" time="0.0"/>
  <testcase name="parserWithIdeErrorReporter_Reader_IdeMode[130]" classname="org.mozilla.javascript.tests.Bug789277Test" time="0.0"/>
  <testcase name="parserWithIdeErrorReporter_Reader[131]" classname="org.mozilla.javascript.tests.Bug789277Test" time="0.0"/>
  <testcase name="parserWithIdeErrorReporter_String[131]" classname="org.mozilla.javascript.tests.Bug789277Test" time="0.0"/>
  <testcase name="parserWithIdeErrorReporter_String_IdeMode[131]" classname="org.mozilla.javascript.tests.Bug789277Test" time="0.0"/>
  <testcase name="parserWithErrorReporter_Reader[131]" classname="org.mozilla.javascript.tests.Bug789277Test" time="0.0"/>
  <testcase name="parserWithErrorReporter_String[131]" classname="org.mozilla.javascript.tests.Bug789277Test" time="0.0"/>
  <testcase name="parserWithIdeErrorReporter_Reader_IdeMode[131]" classname="org.mozilla.javascript.tests.Bug789277Test" time="0.001"/>
  <system-out><![CDATA[]]></system-out>
  <system-err><![CDATA[]]></system-err>
</testsuite>
